#
# There is insufficient memory for the Java Runtime Environment to continue.
# Native memory allocation (mmap) failed to map 343932928 bytes for committing reserved memory.
# Possible reasons:
#   The system is out of physical RAM or swap space
#   The process is running with CompressedOops enabled, and the Java Heap may be blocking the growth of the native heap
# Possible solutions:
#   Reduce memory load on the system
#   Increase physical memory or swap space
#   Check if swap backing store is full
#   Decrease Java heap size (-Xmx/-Xms)
#   Decrease number of Java threads
#   Decrease Java thread stack sizes (-Xss)
#   Set larger code cache with -XX:ReservedCodeCacheSize=
#   JVM is running with Unscaled Compressed Oops mode in which the Java heap is
#     placed in the first 4GB address space. The Java Heap base address is the
#     maximum limit for the native heap growth. Please use -XX:HeapBaseMinAddress
#     to set the Java Heap base and to place the Java Heap above 4GB virtual address.
# This output file may be truncated or incomplete.
#
#  Out of Memory Error (os_linux.cpp:2840), pid=18049, tid=18057
#
# JRE version: OpenJDK Runtime Environment (17.0.10) (build 17.0.10+0-17.0.10b1087.21-11609105)
# Java VM: OpenJDK 64-Bit Server VM (17.0.10+0-17.0.10b1087.21-11609105, mixed mode, tiered, compressed oops, compressed class ptrs, g1 gc, linux-amd64)
# No core dump will be written. Core dumps have been disabled. To enable core dumping, try "ulimit -c unlimited" before starting Java again
#

---------------  S U M M A R Y ------------

Command Line: org.jetbrains.kotlin.cli.jvm.K2JVMCompiler @/home/emmanuel/AndroidStudioProjects/DefiCity/app/build/20240826_9983364827903392827.compiler.options

Host: Intel(R) Core(TM) i7-5600U CPU @ 2.60GHz, 4 cores, 7G, Debian GNU/Linux 10 (buster)
Time: Mon Aug 26 09:36:58 2024 WAT elapsed time: 96.119760 seconds (0d 0h 1m 36s)

---------------  T H R E A D  ---------------

Current thread (0x00007f0ef017b090):  VMThread "VM Thread" [stack: 0x00007f0ed8987000,0x00007f0ed8a87000] [id=18057]

Stack: [0x00007f0ed8987000,0x00007f0ed8a87000],  sp=0x00007f0ed8a84df0,  free space=1015k
Native frames: (J=compiled Java code, j=interpreted, Vv=VM code, C=native code)
V  [libjvm.so+0x1057214]  VMError::report_and_die(int, char const*, char const*, __va_list_tag*, Thread*, unsigned char*, void*, void*, char const*, int, unsigned long)+0x634
V  [libjvm.so+0x10577ca]  VMError::report_and_die(Thread*, char const*, int, unsigned long, VMErrorType, char const*, __va_list_tag*)+0x3a
V  [libjvm.so+0x85a19e]  report_vm_out_of_memory(char const*, int, unsigned long, VMErrorType, char const*, ...)+0xce
V  [libjvm.so+0xdf188c]  os::Linux::commit_memory_impl(char*, unsigned long, bool)+0xcc
V  [libjvm.so+0xdf1a68]  os::pd_commit_memory_or_exit(char*, unsigned long, unsigned long, bool, char const*)+0x28
V  [libjvm.so+0xdec4a8]  os::commit_memory_or_exit(char*, unsigned long, unsigned long, bool, char const*)+0x18
V  [libjvm.so+0x952af7]  G1PageBasedVirtualSpace::commit_internal(unsigned long, unsigned long)+0x157
V  [libjvm.so+0x952d23]  G1PageBasedVirtualSpace::commit(unsigned long, unsigned long)+0x133
V
[timeout occurred during error reporting in step "printing native stack"] after 30 s.
VM_Operation (0x00007f0ef4b3d008): G1CollectForAllocation, mode: safepoint, requested by thread 0x00007f0ef0025cd0


---------------  P R O C E S S  ---------------

Threads class SMR info:
_java_thread_list=0x00007f0ef025e610, length=11, elements={
0x00007f0ef0025cd0, 0x00007f0ef018aeb0, 0x00007f0ef018c510, 0x00007f0ef01bc680,
0x00007f0ef01bda40, 0x00007f0ef01bee60, 0x00007f0ef01b1cb0, 0x00007f0ef01b31a0,
0x00007f0ef01b4620, 0x00007f0ef02523a0, 0x00007f0ef025d700
}

Java Threads: ( => current thread )
  0x00007f0ef0025cd0 JavaThread "main" [_thread_blocked, id=18051, stack(0x00007f0ef4a42000,0x00007f0ef4b43000)]
  0x00007f0ef018aeb0 JavaThread "Reference Handler" daemon [_thread_blocked, id=18058, stack(0x00007f0ed8886000,0x00007f0ed8986000)]
  0x00007f0ef018c510 JavaThread "Finalizer" daemon [_thread_blocked, id=18059, stack(0x00007f0ed8785000,0x00007f0ed8885000)]
  0x00007f0ef01bc680 JavaThread "Signal Dispatcher" daemon [_thread_blocked, id=18060, stack(0x00007f0ed839f000,0x00007f0ed849f000)]
  0x00007f0ef01bda40 JavaThread "Service Thread" daemon [_thread_blocked, id=18061, stack(0x00007f0ed829e000,0x00007f0ed839e000)]
  0x00007f0ef01bee60 JavaThread "Monitor Deflation Thread" daemon [_thread_blocked, id=18062, stack(0x00007f0ed819d000,0x00007f0ed829d000)]
  0x00007f0ef01b1cb0 JavaThread "C2 CompilerThread0" daemon [_thread_blocked, id=18063, stack(0x00007f0ed809c000,0x00007f0ed819c000)]
  0x00007f0ef01b31a0 JavaThread "C1 CompilerThread0" daemon [_thread_blocked, id=18064, stack(0x00007f0ec9f00000,0x00007f0eca000000)]
  0x00007f0ef01b4620 JavaThread "Sweeper thread" daemon [_thread_blocked, id=18065, stack(0x00007f0ec9dff000,0x00007f0ec9eff000)]
  0x00007f0ef02523a0 JavaThread "Notification Thread" daemon [_thread_blocked, id=18066, stack(0x00007f0ec9cfe000,0x00007f0ec9dfe000)]
  0x00007f0ef025d700 JavaThread "Common-Cleaner" daemon [_thread_blocked, id=18068, stack(0x00007f0ec9afc000,0x00007f0ec9bfc000)]

Other Threads:
=>0x00007f0ef017b090 VMThread "VM Thread" [stack: 0x00007f0ed8987000,0x00007f0ed8a87000] [id=18057]
  0x00007f0ef013b330 WatcherThread [stack: 0x00007f0ec9bfd000,0x00007f0ec9cfd000] [id=18067]
  0x00007f0ef007ec40 GCTaskThread "GC Thread#0" [stack: 0x00007f0ed94c7000,0x00007f0ed95c7000] [id=18052]
  0x00007f0eb8004f30 GCTaskThread "GC Thread#1" [stack: 0x00007f0ec97f8000,0x00007f0ec98f8000] [id=18069]
  0x00007f0eb800b160 GCTaskThread "GC Thread#2" [stack: 0x00007f0ec96f7000,0x00007f0ec97f7000] [id=18070]
  0x00007f0eb800bb60 GCTaskThread "GC Thread#3" [stack: 0x00007f0ec95f6000,0x00007f0ec96f6000] [id=18071]
  0x00007f0ef008f7b0 ConcurrentGCThread "G1 Main Marker" [stack: 0x00007f0ed93c6000,0x00007f0ed94c6000] [id=18053]
  0x00007f0ef0090720 ConcurrentGCThread "G1 Conc#0" [stack: 0x00007f0ed92c5000,0x00007f0ed93c5000] [id=18054]
  0x00007f0ef00f55e0 ConcurrentGCThread "G1 Refine#0" [stack: 0x00007f0ed8dc0000,0x00007f0ed8ec0000] [id=18055]
  0x00007f0ec4007f00 ConcurrentGCThread "G1 Refine#1" [stack: 0x00007f0ec94f5000,0x00007f0ec95f5000] [id=18076]
  0x00007f0ef00f64e0 ConcurrentGCThread "G1 Service" [stack: 0x00007f0ed8cbf000,0x00007f0ed8dbf000] [id=18056]

Threads with active compile tasks:
C2 CompilerThread0   133876 16517       4       org.jetbrains.org.objectweb.asm.tree.analysis.Frame::execute (2125 bytes)
C1 CompilerThread0   134826 16548       2       org.jetbrains.kotlin.codegen.optimization.LabelNormalizationMethodTransformer$TransformerForMethod::rewriteNonLabelInstructions (113 bytes)

VM state: at safepoint (normal execution)

VM Mutex/Monitor currently owned by a thread:  ([mutex/lock_event])
[0x00007f0ef00226a0] Threads_lock - owner thread: 0x00007f0ef017b090
[0x00007f0ef0022f10] Heap_lock - owner thread: 0x00007f0ef0025cd0

Heap address: 0x0000000085400000, size: 1964 MB, Compressed Oops mode: 32-bit

CDS archive(s) not mapped
Compressed class space mapped at: 0x0000000100000000-0x0000000140000000, reserved size: 1073741824
Narrow klass base: 0x0000000000000000, Narrow klass shift: 3, Narrow klass range: 0x140000000

GC Precious Log:
 CPUs: 4 total, 4 available
 Memory: 7853M
 Large Page Support: Disabled
 NUMA Support: Disabled
 Compressed Oops: Enabled (32-bit)
 Heap Region Size: 1M
 Heap Min Capacity: 8M
 Heap Initial Capacity: 124M
 Heap Max Capacity: 1964M
 Pre-touch: Disabled
 Parallel Workers: 4
 Concurrent Workers: 1
 Concurrent Refinement Workers: 4
 Periodic GC: Disabled

Heap:
 garbage-first heap   total 192512K, used 95876K [0x0000000085400000, 0x0000000100000000)
  region size 1024K, 2 young (2048K), 2 survivors (2048K)
 Metaspace       used 92606K, committed 92992K, reserved 1179648K
  class space    used 10155K, committed 10304K, reserved 1048576K

Heap Regions: E=young(eden), S=young(survivor), O=old, HS=humongous(starts), HC=humongous(continues), CS=collection set, F=free, OA=open archive, CA=closed archive, TAMS=top-at-mark-start (previous, next)
|   0|0x0000000085400000, 0x0000000085500000, 0x0000000085500000|100%|HS|  |TAMS 0x0000000085500000, 0x0000000085400000| Complete 
|   1|0x0000000085500000, 0x0000000085600000, 0x0000000085600000|100%|HC|  |TAMS 0x0000000085600000, 0x0000000085500000| Complete 
|   2|0x0000000085600000, 0x0000000085700000, 0x0000000085700000|100%|HC|  |TAMS 0x0000000085700000, 0x0000000085600000| Complete 
|   3|0x0000000085700000, 0x0000000085800000, 0x0000000085800000|100%|HC|  |TAMS 0x0000000085800000, 0x0000000085700000| Complete 
|   4|0x0000000085800000, 0x0000000085900000, 0x0000000085900000|100%| O|  |TAMS 0x0000000085900000, 0x0000000085800000| Untracked 
|   5|0x0000000085900000, 0x0000000085a00000, 0x0000000085a00000|100%| O|  |TAMS 0x0000000085a00000, 0x0000000085900000| Untracked 
|   6|0x0000000085a00000, 0x0000000085b00000, 0x0000000085b00000|100%| O|  |TAMS 0x0000000085b00000, 0x0000000085a00000| Untracked 
|   7|0x0000000085b00000, 0x0000000085c00000, 0x0000000085c00000|100%| O|  |TAMS 0x0000000085c00000, 0x0000000085b00000| Untracked 
|   8|0x0000000085c00000, 0x0000000085d00000, 0x0000000085d00000|100%| O|  |TAMS 0x0000000085d00000, 0x0000000085c00000| Untracked 
|   9|0x0000000085d00000, 0x0000000085e00000, 0x0000000085e00000|100%| O|  |TAMS 0x0000000085e00000, 0x0000000085d00000| Untracked 
|  10|0x0000000085e00000, 0x0000000085f00000, 0x0000000085f00000|100%| O|  |TAMS 0x0000000085f00000, 0x0000000085e00000| Untracked 
|  11|0x0000000085f00000, 0x0000000086000000, 0x0000000086000000|100%| O|  |TAMS 0x0000000086000000, 0x0000000085f00000| Untracked 
|  12|0x0000000086000000, 0x0000000086100000, 0x0000000086100000|100%| O|  |TAMS 0x0000000086100000, 0x0000000086000000| Untracked 
|  13|0x0000000086100000, 0x0000000086200000, 0x0000000086200000|100%| O|  |TAMS 0x0000000086200000, 0x0000000086100000| Untracked 
|  14|0x0000000086200000, 0x0000000086300000, 0x0000000086300000|100%| O|  |TAMS 0x0000000086300000, 0x0000000086200000| Untracked 
|  15|0x0000000086300000, 0x0000000086400000, 0x0000000086400000|100%| O|  |TAMS 0x0000000086400000, 0x0000000086300000| Untracked 
|  16|0x0000000086400000, 0x0000000086500000, 0x0000000086500000|100%| O|  |TAMS 0x0000000086500000, 0x0000000086400000| Untracked 
|  17|0x0000000086500000, 0x0000000086600000, 0x0000000086600000|100%| O|  |TAMS 0x0000000086600000, 0x0000000086500000| Untracked 
|  18|0x0000000086600000, 0x0000000086700000, 0x0000000086700000|100%| O|  |TAMS 0x0000000086700000, 0x0000000086600000| Untracked 
|  19|0x0000000086700000, 0x0000000086800000, 0x0000000086800000|100%| O|  |TAMS 0x0000000086800000, 0x0000000086700000| Untracked 
|  20|0x0000000086800000, 0x0000000086900000, 0x0000000086900000|100%| O|  |TAMS 0x0000000086900000, 0x0000000086800000| Untracked 
|  21|0x0000000086900000, 0x0000000086a00000, 0x0000000086a00000|100%| O|  |TAMS 0x0000000086a00000, 0x0000000086900000| Untracked 
|  22|0x0000000086a00000, 0x0000000086b00000, 0x0000000086b00000|100%| O|  |TAMS 0x0000000086b00000, 0x0000000086a00000| Untracked 
|  23|0x0000000086b00000, 0x0000000086c00000, 0x0000000086c00000|100%| O|  |TAMS 0x0000000086c00000, 0x0000000086b00000| Untracked 
|  24|0x0000000086c00000, 0x0000000086d00000, 0x0000000086d00000|100%| O|  |TAMS 0x0000000086d00000, 0x0000000086c00000| Untracked 
|  25|0x0000000086d00000, 0x0000000086e00000, 0x0000000086e00000|100%| O|  |TAMS 0x0000000086e00000, 0x0000000086d00000| Untracked 
|  26|0x0000000086e00000, 0x0000000086f00000, 0x0000000086f00000|100%|HS|  |TAMS 0x0000000086f00000, 0x0000000086e00000| Complete 
|  27|0x0000000086f00000, 0x0000000087000000, 0x0000000087000000|100%|HC|  |TAMS 0x0000000087000000, 0x0000000086f00000| Complete 
|  28|0x0000000087000000, 0x0000000087100000, 0x0000000087100000|100%| O|  |TAMS 0x0000000087100000, 0x0000000087000000| Untracked 
|  29|0x0000000087100000, 0x0000000087200000, 0x0000000087200000|100%| O|  |TAMS 0x0000000087100000, 0x0000000087100000| Untracked 
|  30|0x0000000087200000, 0x0000000087300000, 0x0000000087300000|100%| O|  |TAMS 0x0000000087300000, 0x0000000087200000| Untracked 
|  31|0x0000000087300000, 0x0000000087400000, 0x0000000087400000|100%| O|  |TAMS 0x0000000087400000, 0x0000000087300000| Untracked 
|  32|0x0000000087400000, 0x0000000087500000, 0x0000000087500000|100%| O|  |TAMS 0x0000000087500000, 0x0000000087400000| Untracked 
|  33|0x0000000087500000, 0x0000000087600000, 0x0000000087600000|100%| O|  |TAMS 0x0000000087600000, 0x0000000087500000| Untracked 
|  34|0x0000000087600000, 0x0000000087700000, 0x0000000087700000|100%| O|  |TAMS 0x0000000087700000, 0x0000000087600000| Untracked 
|  35|0x0000000087700000, 0x0000000087800000, 0x0000000087800000|100%| O|  |TAMS 0x0000000087800000, 0x0000000087700000| Untracked 
|  36|0x0000000087800000, 0x0000000087900000, 0x0000000087900000|100%| O|  |TAMS 0x0000000087900000, 0x0000000087800000| Untracked 
|  37|0x0000000087900000, 0x0000000087a00000, 0x0000000087a00000|100%| O|  |TAMS 0x0000000087a00000, 0x0000000087900000| Untracked 
|  38|0x0000000087a00000, 0x0000000087b00000, 0x0000000087b00000|100%| O|  |TAMS 0x0000000087b00000, 0x0000000087a00000| Untracked 
|  39|0x0000000087b00000, 0x0000000087c00000, 0x0000000087c00000|100%| O|  |TAMS 0x0000000087c00000, 0x0000000087b00000| Untracked 
|  40|0x0000000087c00000, 0x0000000087d00000, 0x0000000087d00000|100%| O|  |TAMS 0x0000000087cfcc00, 0x0000000087c00000| Untracked 
|  41|0x0000000087d00000, 0x0000000087e00000, 0x0000000087e00000|100%| O|  |TAMS 0x0000000087d00000, 0x0000000087d00000| Untracked 
|  42|0x0000000087e00000, 0x0000000087f00000, 0x0000000087f00000|100%| O|  |TAMS 0x0000000087e00000, 0x0000000087e00000| Untracked 
|  43|0x0000000087f00000, 0x0000000088000000, 0x0000000088000000|100%| O|  |TAMS 0x0000000087f00000, 0x0000000087f00000| Untracked 
|  44|0x0000000088000000, 0x0000000088100000, 0x0000000088100000|100%| O|  |TAMS 0x0000000088000000, 0x0000000088000000| Untracked 
|  45|0x0000000088100000, 0x0000000088175e00, 0x0000000088200000| 46%| O|  |TAMS 0x0000000088100000, 0x0000000088100000| Untracked 
|  46|0x0000000088200000, 0x0000000088300000, 0x0000000088300000|100%| O|  |TAMS 0x0000000088200000, 0x0000000088200000| Untracked 
|  47|0x0000000088300000, 0x0000000088400000, 0x0000000088400000|100%| O|  |TAMS 0x0000000088300000, 0x0000000088300000| Untracked 
|  48|0x0000000088400000, 0x0000000088500000, 0x0000000088500000|100%| O|  |TAMS 0x0000000088400000, 0x0000000088400000| Untracked 
|  49|0x0000000088500000, 0x0000000088600000, 0x0000000088600000|100%| O|  |TAMS 0x0000000088500000, 0x0000000088500000| Untracked 
|  50|0x0000000088600000, 0x0000000088700000, 0x0000000088700000|100%| O|  |TAMS 0x0000000088600000, 0x0000000088600000| Untracked 
|  51|0x0000000088700000, 0x0000000088800000, 0x0000000088800000|100%| O|  |TAMS 0x0000000088700000, 0x0000000088700000| Untracked 
|  52|0x0000000088800000, 0x0000000088900000, 0x0000000088900000|100%| O|  |TAMS 0x0000000088800000, 0x0000000088800000| Untracked 
|  53|0x0000000088900000, 0x0000000088a00000, 0x0000000088a00000|100%| O|  |TAMS 0x0000000088900000, 0x0000000088900000| Untracked 
|  54|0x0000000088a00000, 0x0000000088b00000, 0x0000000088b00000|100%| O|  |TAMS 0x0000000088a00000, 0x0000000088a00000| Untracked 
|  55|0x0000000088b00000, 0x0000000088c00000, 0x0000000088c00000|100%| O|  |TAMS 0x0000000088b00000, 0x0000000088b00000| Untracked 
|  56|0x0000000088c00000, 0x0000000088d00000, 0x0000000088d00000|100%| O|  |TAMS 0x0000000088c00000, 0x0000000088c00000| Untracked 
|  57|0x0000000088d00000, 0x0000000088e00000, 0x0000000088e00000|100%| O|  |TAMS 0x0000000088d00000, 0x0000000088d00000| Untracked 
|  58|0x0000000088e00000, 0x0000000088f00000, 0x0000000088f00000|100%| O|  |TAMS 0x0000000088e00000, 0x0000000088e00000| Untracked 
|  59|0x0000000088f00000, 0x0000000089000000, 0x0000000089000000|100%| O|  |TAMS 0x0000000088f00000, 0x0000000088f00000| Untracked 
|  60|0x0000000089000000, 0x0000000089100000, 0x0000000089100000|100%| O|  |TAMS 0x0000000089000000, 0x0000000089000000| Untracked 
|  61|0x0000000089100000, 0x0000000089200000, 0x0000000089200000|100%| O|  |TAMS 0x0000000089100000, 0x0000000089100000| Untracked 
|  62|0x0000000089200000, 0x0000000089300000, 0x0000000089300000|100%| O|  |TAMS 0x0000000089200000, 0x0000000089200000| Untracked 
|  63|0x0000000089300000, 0x0000000089400000, 0x0000000089400000|100%| O|  |TAMS 0x0000000089300000, 0x0000000089300000| Untracked 
|  64|0x0000000089400000, 0x0000000089500000, 0x0000000089500000|100%| O|  |TAMS 0x0000000089400000, 0x0000000089400000| Untracked 
|  65|0x0000000089500000, 0x0000000089600000, 0x0000000089600000|100%| O|  |TAMS 0x0000000089500000, 0x0000000089500000| Untracked 
|  66|0x0000000089600000, 0x0000000089700000, 0x0000000089700000|100%| O|  |TAMS 0x0000000089600000, 0x0000000089600000| Untracked 
|  67|0x0000000089700000, 0x0000000089800000, 0x0000000089800000|100%| O|  |TAMS 0x0000000089700000, 0x0000000089700000| Untracked 
|  68|0x0000000089800000, 0x0000000089900000, 0x0000000089900000|100%| O|  |TAMS 0x0000000089800000, 0x0000000089800000| Untracked 
|  69|0x0000000089900000, 0x0000000089a00000, 0x0000000089a00000|100%| O|  |TAMS 0x0000000089900000, 0x0000000089900000| Untracked 
|  70|0x0000000089a00000, 0x0000000089b00000, 0x0000000089b00000|100%| O|  |TAMS 0x0000000089a00000, 0x0000000089a00000| Untracked 
|  71|0x0000000089b00000, 0x0000000089c00000, 0x0000000089c00000|100%| O|  |TAMS 0x0000000089b00000, 0x0000000089b00000| Untracked 
|  72|0x0000000089c00000, 0x0000000089d00000, 0x0000000089d00000|100%| O|  |TAMS 0x0000000089c00000, 0x0000000089c00000| Untracked 
|  73|0x0000000089d00000, 0x0000000089e00000, 0x0000000089e00000|100%| O|  |TAMS 0x0000000089d00000, 0x0000000089d00000| Untracked 
|  74|0x0000000089e00000, 0x0000000089f00000, 0x0000000089f00000|100%| O|  |TAMS 0x0000000089e00000, 0x0000000089e00000| Untracked 
|  75|0x0000000089f00000, 0x000000008a000000, 0x000000008a000000|100%| O|  |TAMS 0x0000000089f00000, 0x0000000089f00000| Untracked 
|  76|0x000000008a000000, 0x000000008a100000, 0x000000008a100000|100%| O|  |TAMS 0x000000008a000000, 0x000000008a000000| Untracked 
|  77|0x000000008a100000, 0x000000008a200000, 0x000000008a200000|100%| O|  |TAMS 0x000000008a100000, 0x000000008a100000| Untracked 
|  78|0x000000008a200000, 0x000000008a300000, 0x000000008a300000|100%| O|  |TAMS 0x000000008a200000, 0x000000008a200000| Untracked 
|  79|0x000000008a300000, 0x000000008a400000, 0x000000008a400000|100%| O|  |TAMS 0x000000008a300000, 0x000000008a300000| Untracked 
|  80|0x000000008a400000, 0x000000008a500000, 0x000000008a500000|100%| O|  |TAMS 0x000000008a400000, 0x000000008a400000| Untracked 
|  81|0x000000008a500000, 0x000000008a600000, 0x000000008a600000|100%| O|  |TAMS 0x000000008a500000, 0x000000008a500000| Untracked 
|  82|0x000000008a600000, 0x000000008a700000, 0x000000008a700000|100%| O|  |TAMS 0x000000008a600000, 0x000000008a600000| Untracked 
|  83|0x000000008a700000, 0x000000008a800000, 0x000000008a800000|100%| O|  |TAMS 0x000000008a700000, 0x000000008a700000| Untracked 
|  84|0x000000008a800000, 0x000000008a900000, 0x000000008a900000|100%| O|  |TAMS 0x000000008a800000, 0x000000008a800000| Untracked 
|  85|0x000000008a900000, 0x000000008aa00000, 0x000000008aa00000|100%| O|  |TAMS 0x000000008a900000, 0x000000008a900000| Untracked 
|  86|0x000000008aa00000, 0x000000008ab00000, 0x000000008ab00000|100%| O|  |TAMS 0x000000008aa00000, 0x000000008aa00000| Untracked 
|  87|0x000000008ab00000, 0x000000008ac00000, 0x000000008ac00000|100%| O|  |TAMS 0x000000008ab00000, 0x000000008ab00000| Untracked 
|  88|0x000000008ac00000, 0x000000008ad00000, 0x000000008ad00000|100%| O|  |TAMS 0x000000008ac00000, 0x000000008ac00000| Untracked 
|  89|0x000000008ad00000, 0x000000008ae00000, 0x000000008ae00000|100%| O|  |TAMS 0x000000008ad00000, 0x000000008ad00000| Untracked 
|  90|0x000000008ae00000, 0x000000008af00000, 0x000000008af00000|100%| O|  |TAMS 0x000000008ae00000, 0x000000008ae00000| Untracked 
|  91|0x000000008af00000, 0x000000008b000000, 0x000000008b000000|100%| O|  |TAMS 0x000000008af00000, 0x000000008af00000| Untracked 
|  92|0x000000008b000000, 0x000000008b0dec00, 0x000000008b100000| 87%| O|  |TAMS 0x000000008b000000, 0x000000008b000000| Untracked 
|  93|0x000000008b100000, 0x000000008b100000, 0x000000008b200000|  0%| F|  |TAMS 0x000000008b100000, 0x000000008b100000| Untracked 
|  94|0x000000008b200000, 0x000000008b200000, 0x000000008b300000|  0%| F|  |TAMS 0x000000008b200000, 0x000000008b200000| Untracked 
|  95|0x000000008b300000, 0x000000008b300000, 0x000000008b400000|  0%| F|  |TAMS 0x000000008b300000, 0x000000008b300000| Untracked 
|  96|0x000000008b400000, 0x000000008b400000, 0x000000008b500000|  0%| F|  |TAMS 0x000000008b400000, 0x000000008b400000| Untracked 
|  97|0x000000008b500000, 0x000000008b500000, 0x000000008b600000|  0%| F|  |TAMS 0x000000008b500000, 0x000000008b500000| Untracked 
|  98|0x000000008b600000, 0x000000008b600000, 0x000000008b700000|  0%| F|  |TAMS 0x000000008b600000, 0x000000008b600000| Untracked 
|  99|0x000000008b700000, 0x000000008b700000, 0x000000008b800000|  0%| F|  |TAMS 0x000000008b700000, 0x000000008b700000| Untracked 
| 100|0x000000008b800000, 0x000000008b800000, 0x000000008b900000|  0%| F|  |TAMS 0x000000008b800000, 0x000000008b800000| Untracked 
| 101|0x000000008b900000, 0x000000008b900000, 0x000000008ba00000|  0%| F|  |TAMS 0x000000008b900000, 0x000000008b900000| Untracked 
| 102|0x000000008ba00000, 0x000000008ba00000, 0x000000008bb00000|  0%| F|  |TAMS 0x000000008ba00000, 0x000000008ba00000| Untracked 
| 103|0x000000008bb00000, 0x000000008bb00000, 0x000000008bc00000|  0%| F|  |TAMS 0x000000008bb00000, 0x000000008bb00000| Untracked 
| 104|0x000000008bc00000, 0x000000008bc00000, 0x000000008bd00000|  0%| F|  |TAMS 0x000000008bc00000, 0x000000008bc00000| Untracked 
| 105|0x000000008bd00000, 0x000000008bd00000, 0x000000008be00000|  0%| F|  |TAMS 0x000000008bd00000, 0x000000008bd00000| Untracked 
| 106|0x000000008be00000, 0x000000008be00000, 0x000000008bf00000|  0%| F|  |TAMS 0x000000008be00000, 0x000000008be00000| Untracked 
| 107|0x000000008bf00000, 0x000000008bf00000, 0x000000008c000000|  0%| F|  |TAMS 0x000000008bf00000, 0x000000008bf00000| Untracked 
| 108|0x000000008c000000, 0x000000008c000000, 0x000000008c100000|  0%| F|  |TAMS 0x000000008c000000, 0x000000008c000000| Untracked 
| 109|0x000000008c100000, 0x000000008c100000, 0x000000008c200000|  0%| F|  |TAMS 0x000000008c100000, 0x000000008c100000| Untracked 
| 110|0x000000008c200000, 0x000000008c200000, 0x000000008c300000|  0%| F|  |TAMS 0x000000008c200000, 0x000000008c200000| Untracked 
| 111|0x000000008c300000, 0x000000008c300000, 0x000000008c400000|  0%| F|  |TAMS 0x000000008c300000, 0x000000008c300000| Untracked 
| 112|0x000000008c400000, 0x000000008c400000, 0x000000008c500000|  0%| F|  |TAMS 0x000000008c400000, 0x000000008c400000| Untracked 
| 113|0x000000008c500000, 0x000000008c500000, 0x000000008c600000|  0%| F|  |TAMS 0x000000008c500000, 0x000000008c500000| Untracked 
| 114|0x000000008c600000, 0x000000008c600000, 0x000000008c700000|  0%| F|  |TAMS 0x000000008c600000, 0x000000008c600000| Untracked 
| 115|0x000000008c700000, 0x000000008c700000, 0x000000008c800000|  0%| F|  |TAMS 0x000000008c700000, 0x000000008c700000| Untracked 
| 116|0x000000008c800000, 0x000000008c800000, 0x000000008c900000|  0%| F|  |TAMS 0x000000008c800000, 0x000000008c800000| Untracked 
| 117|0x000000008c900000, 0x000000008c900000, 0x000000008ca00000|  0%| F|  |TAMS 0x000000008c900000, 0x000000008c900000| Untracked 
| 118|0x000000008ca00000, 0x000000008ca00000, 0x000000008cb00000|  0%| F|  |TAMS 0x000000008ca00000, 0x000000008ca00000| Untracked 
| 119|0x000000008cb00000, 0x000000008cb00000, 0x000000008cc00000|  0%| F|  |TAMS 0x000000008cb00000, 0x000000008cb00000| Untracked 
| 120|0x000000008cc00000, 0x000000008cc00000, 0x000000008cd00000|  0%| F|  |TAMS 0x000000008cc00000, 0x000000008cc00000| Untracked 
| 121|0x000000008cd00000, 0x000000008cd00000, 0x000000008ce00000|  0%| F|  |TAMS 0x000000008cd00000, 0x000000008cd00000| Untracked 
| 122|0x000000008ce00000, 0x000000008ce00000, 0x000000008cf00000|  0%| F|  |TAMS 0x000000008ce00000, 0x000000008ce00000| Untracked 
| 123|0x000000008cf00000, 0x000000008cf00000, 0x000000008d000000|  0%| F|  |TAMS 0x000000008cf00000, 0x000000008cf00000| Untracked 
| 124|0x000000008d000000, 0x000000008d000000, 0x000000008d100000|  0%| F|  |TAMS 0x000000008d000000, 0x000000008d000000| Untracked 
| 125|0x000000008d100000, 0x000000008d100000, 0x000000008d200000|  0%| F|  |TAMS 0x000000008d100000, 0x000000008d100000| Untracked 
| 126|0x000000008d200000, 0x000000008d200000, 0x000000008d300000|  0%| F|  |TAMS 0x000000008d200000, 0x000000008d200000| Untracked 
| 127|0x000000008d300000, 0x000000008d300000, 0x000000008d400000|  0%| F|  |TAMS 0x000000008d300000, 0x000000008d300000| Untracked 
| 128|0x000000008d400000, 0x000000008d400000, 0x000000008d500000|  0%| F|  |TAMS 0x000000008d400000, 0x000000008d400000| Untracked 
| 129|0x000000008d500000, 0x000000008d500000, 0x000000008d600000|  0%| F|  |TAMS 0x000000008d500000, 0x000000008d500000| Untracked 
| 130|0x000000008d600000, 0x000000008d600000, 0x000000008d700000|  0%| F|  |TAMS 0x000000008d600000, 0x000000008d600000| Untracked 
| 131|0x000000008d700000, 0x000000008d700000, 0x000000008d800000|  0%| F|  |TAMS 0x000000008d700000, 0x000000008d700000| Untracked 
| 132|0x000000008d800000, 0x000000008d800000, 0x000000008d900000|  0%| F|  |TAMS 0x000000008d800000, 0x000000008d800000| Untracked 
| 133|0x000000008d900000, 0x000000008d900000, 0x000000008da00000|  0%| F|  |TAMS 0x000000008d900000, 0x000000008d900000| Untracked 
| 134|0x000000008da00000, 0x000000008da00000, 0x000000008db00000|  0%| F|  |TAMS 0x000000008da00000, 0x000000008da00000| Untracked 
| 135|0x000000008db00000, 0x000000008db00000, 0x000000008dc00000|  0%| F|  |TAMS 0x000000008db00000, 0x000000008db00000| Untracked 
| 136|0x000000008dc00000, 0x000000008dc00000, 0x000000008dd00000|  0%| F|  |TAMS 0x000000008dc00000, 0x000000008dc00000| Untracked 
| 137|0x000000008dd00000, 0x000000008dd00000, 0x000000008de00000|  0%| F|  |TAMS 0x000000008dd00000, 0x000000008dd00000| Untracked 
| 138|0x000000008de00000, 0x000000008de00000, 0x000000008df00000|  0%| F|  |TAMS 0x000000008de00000, 0x000000008de00000| Untracked 
| 139|0x000000008df00000, 0x000000008df00000, 0x000000008e000000|  0%| F|  |TAMS 0x000000008df00000, 0x000000008df00000| Untracked 
| 140|0x000000008e000000, 0x000000008e000000, 0x000000008e100000|  0%| F|  |TAMS 0x000000008e000000, 0x000000008e000000| Untracked 
| 141|0x000000008e100000, 0x000000008e100000, 0x000000008e200000|  0%| F|  |TAMS 0x000000008e100000, 0x000000008e100000| Untracked 
| 142|0x000000008e200000, 0x000000008e200000, 0x000000008e300000|  0%| F|  |TAMS 0x000000008e200000, 0x000000008e200000| Untracked 
| 143|0x000000008e300000, 0x000000008e300000, 0x000000008e400000|  0%| F|  |TAMS 0x000000008e300000, 0x000000008e300000| Untracked 
| 144|0x000000008e400000, 0x000000008e400000, 0x000000008e500000|  0%| F|  |TAMS 0x000000008e400000, 0x000000008e400000| Untracked 
| 145|0x000000008e500000, 0x000000008e500000, 0x000000008e600000|  0%| F|  |TAMS 0x000000008e500000, 0x000000008e500000| Untracked 
| 146|0x000000008e600000, 0x000000008e600000, 0x000000008e700000|  0%| F|  |TAMS 0x000000008e600000, 0x000000008e600000| Untracked 
| 147|0x000000008e700000, 0x000000008e700000, 0x000000008e800000|  0%| F|  |TAMS 0x000000008e700000, 0x000000008e700000| Untracked 
| 148|0x000000008e800000, 0x000000008e800000, 0x000000008e900000|  0%| F|  |TAMS 0x000000008e800000, 0x000000008e800000| Untracked 
| 149|0x000000008e900000, 0x000000008e900000, 0x000000008ea00000|  0%| F|  |TAMS 0x000000008e900000, 0x000000008e900000| Untracked 
| 150|0x000000008ea00000, 0x000000008ea00000, 0x000000008eb00000|  0%| F|  |TAMS 0x000000008ea00000, 0x000000008ea00000| Untracked 
| 151|0x000000008eb00000, 0x000000008eb00000, 0x000000008ec00000|  0%| F|  |TAMS 0x000000008eb00000, 0x000000008eb00000| Untracked 
| 152|0x000000008ec00000, 0x000000008ec00000, 0x000000008ed00000|  0%| F|  |TAMS 0x000000008ec00000, 0x000000008ec00000| Untracked 
| 153|0x000000008ed00000, 0x000000008ed00000, 0x000000008ee00000|  0%| F|  |TAMS 0x000000008ed00000, 0x000000008ed00000| Untracked 
| 154|0x000000008ee00000, 0x000000008ee00000, 0x000000008ef00000|  0%| F|  |TAMS 0x000000008ee00000, 0x000000008ee00000| Untracked 
| 155|0x000000008ef00000, 0x000000008ef00000, 0x000000008f000000|  0%| F|  |TAMS 0x000000008ef00000, 0x000000008ef00000| Untracked 
| 156|0x000000008f000000, 0x000000008f000000, 0x000000008f100000|  0%| F|  |TAMS 0x000000008f000000, 0x000000008f000000| Untracked 
| 157|0x000000008f100000, 0x000000008f100000, 0x000000008f200000|  0%| F|  |TAMS 0x000000008f100000, 0x000000008f100000| Untracked 
| 158|0x000000008f200000, 0x000000008f200000, 0x000000008f300000|  0%| F|  |TAMS 0x000000008f200000, 0x000000008f200000| Untracked 
| 159|0x000000008f300000, 0x000000008f300000, 0x000000008f400000|  0%| F|  |TAMS 0x000000008f300000, 0x000000008f300000| Untracked 
| 160|0x000000008f400000, 0x000000008f400000, 0x000000008f500000|  0%| F|  |TAMS 0x000000008f400000, 0x000000008f400000| Untracked 
| 161|0x000000008f500000, 0x000000008f500000, 0x000000008f600000|  0%| F|  |TAMS 0x000000008f500000, 0x000000008f500000| Untracked 
| 162|0x000000008f600000, 0x000000008f600000, 0x000000008f700000|  0%| F|  |TAMS 0x000000008f600000, 0x000000008f600000| Untracked 
| 163|0x000000008f700000, 0x000000008f700000, 0x000000008f800000|  0%| F|  |TAMS 0x000000008f700000, 0x000000008f700000| Untracked 
| 164|0x000000008f800000, 0x000000008f800000, 0x000000008f900000|  0%| F|  |TAMS 0x000000008f800000, 0x000000008f800000| Untracked 
| 165|0x000000008f900000, 0x000000008f900000, 0x000000008fa00000|  0%| F|  |TAMS 0x000000008f900000, 0x000000008f900000| Untracked 
| 166|0x000000008fa00000, 0x000000008fa00000, 0x000000008fb00000|  0%| F|  |TAMS 0x000000008fa00000, 0x000000008fa00000| Untracked 
| 167|0x000000008fb00000, 0x000000008fb00000, 0x000000008fc00000|  0%| F|  |TAMS 0x000000008fb00000, 0x000000008fb00000| Untracked 
| 168|0x000000008fc00000, 0x000000008fc00000, 0x000000008fd00000|  0%| F|  |TAMS 0x000000008fc00000, 0x000000008fc00000| Untracked 
| 169|0x000000008fd00000, 0x000000008fd00000, 0x000000008fe00000|  0%| F|  |TAMS 0x000000008fd00000, 0x000000008fd00000| Untracked 
| 170|0x000000008fe00000, 0x000000008fe00000, 0x000000008ff00000|  0%| F|  |TAMS 0x000000008fe00000, 0x000000008fe00000| Untracked 
| 171|0x000000008ff00000, 0x000000008ff00000, 0x0000000090000000|  0%| F|  |TAMS 0x000000008ff00000, 0x000000008ff00000| Untracked 
| 172|0x0000000090000000, 0x0000000090000000, 0x0000000090100000|  0%| F|  |TAMS 0x0000000090000000, 0x0000000090000000| Untracked 
| 173|0x0000000090100000, 0x0000000090100000, 0x0000000090200000|  0%| F|  |TAMS 0x0000000090100000, 0x0000000090100000| Untracked 
| 174|0x0000000090200000, 0x0000000090200000, 0x0000000090300000|  0%| F|  |TAMS 0x0000000090200000, 0x0000000090200000| Untracked 
| 175|0x0000000090300000, 0x0000000090300000, 0x0000000090400000|  0%| F|  |TAMS 0x0000000090300000, 0x0000000090300000| Untracked 
| 176|0x0000000090400000, 0x000000009044c680, 0x0000000090500000| 29%| S|CS|TAMS 0x0000000090400000, 0x0000000090400000| Complete 
| 177|0x0000000090500000, 0x0000000090600000, 0x0000000090600000|100%| S|CS|TAMS 0x0000000090500000, 0x0000000090500000| Complete 
| 178|0x0000000090600000, 0x0000000090600000, 0x0000000090700000|  0%| F|  |TAMS 0x0000000090600000, 0x0000000090600000| Untracked 
| 179|0x0000000090700000, 0x0000000090700000, 0x0000000090800000|  0%| F|  |TAMS 0x0000000090700000, 0x0000000090700000| Untracked 
| 180|0x0000000090800000, 0x0000000090800000, 0x0000000090900000|  0%| F|  |TAMS 0x0000000090800000, 0x0000000090800000| Untracked 
| 181|0x0000000090900000, 0x0000000090900000, 0x0000000090a00000|  0%| F|  |TAMS 0x0000000090900000, 0x0000000090900000| Untracked 
| 182|0x0000000090a00000, 0x0000000090a00000, 0x0000000090b00000|  0%| F|  |TAMS 0x0000000090a00000, 0x0000000090a00000| Untracked 
| 183|0x0000000090b00000, 0x0000000090b00000, 0x0000000090c00000|  0%| F|  |TAMS 0x0000000090b00000, 0x0000000090b00000| Untracked 
| 184|0x0000000090c00000, 0x0000000090c00000, 0x0000000090d00000|  0%| F|  |TAMS 0x0000000090c00000, 0x0000000090c00000| Untracked 
| 185|0x0000000090d00000, 0x0000000090d00000, 0x0000000090e00000|  0%| F|  |TAMS 0x0000000090d00000, 0x0000000090d00000| Untracked 
| 186|0x0000000090e00000, 0x0000000090e00000, 0x0000000090f00000|  0%| F|  |TAMS 0x0000000090e00000, 0x0000000090e00000| Untracked 
| 187|0x0000000090f00000, 0x0000000090f00000, 0x0000000091000000|  0%| F|  |TAMS 0x0000000090f00000, 0x0000000090f00000| Untracked 

Card table byte_map: [0x00007f0edd73f000,0x00007f0eddb15000] _byte_map_base: 0x00007f0edd315000

Marking Bits (Prev, Next): (CMBitMap*) 0x00007f0ef007f6d0, (CMBitMap*) 0x00007f0ef007f710
 Prev Bits: [0x00007f0edb4b9000, 0x00007f0edd369000)
 Next Bits: [0x00007f0ed9609000, 0x00007f0edb4b9000)

Polling page: 0x00007f0ef611f000

Metaspace:

Usage:
  Non-class:     80.52 MB used.
      Class:      9.92 MB used.
       Both:     90.44 MB used.

Virtual space:
  Non-class space:      128.00 MB reserved,      80.75 MB ( 63%) committed,  2 nodes.
      Class space:        1.00 GB reserved,      10.06 MB ( <1%) committed,  1 nodes.
             Both:        1.12 GB reserved,      90.81 MB (  8%) committed. 

Chunk freelists:
   Non-Class:  15.17 MB
       Class:  5.89 MB
        Both:  21.06 MB

MaxMetaspaceSize: unlimited
CompressedClassSpaceSize: 1.00 GB
Initial GC threshold: 21.00 MB
Current GC threshold: 99.06 MB
CDS: off
MetaspaceReclaimPolicy: balanced
 - commit_granule_bytes: 65536.
 - commit_granule_words: 8192.
 - virtual_space_node_default_size: 8388608.
 - enlarge_chunks_in_place: 1.
 - new_chunks_are_fully_committed: 0.
 - uncommit_free_chunks: 1.
 - use_allocation_guard: 0.
 - handle_deallocations: 1.


Internal statistics:

num_allocs_failed_limit: 6.
num_arena_births: 476.
num_arena_deaths: 0.
num_vsnodes_births: 3.
num_vsnodes_deaths: 0.
num_space_committed: 1451.
num_space_uncommitted: 0.
num_chunks_returned_to_freelist: 6.
num_chunks_taken_from_freelist: 3525.
num_chunk_merges: 6.
num_chunk_splits: 2848.
num_chunks_enlarged: 2495.
num_inconsistent_stats: 0.

CodeHeap 'non-profiled nmethods': size=120032Kb used=5018Kb max_used=5018Kb free=115014Kb
 bounds [0x00007f0ee55dd000, 0x00007f0ee5acd000, 0x00007f0eecb15000]
CodeHeap 'profiled nmethods': size=120028Kb used=34232Kb max_used=34232Kb free=85795Kb
 bounds [0x00007f0eddb15000, 0x00007f0edfc85000, 0x00007f0ee504c000]
CodeHeap 'non-nmethods': size=5700Kb used=1405Kb max_used=1441Kb free=4294Kb
 bounds [0x00007f0ee504c000, 0x00007f0ee52bc000, 0x00007f0ee55dd000]
 total_blobs=14637 nmethods=13897 adapters=650
 compilation: enabled
              stopped_count=0, restarted_count=0
 full_count=0

Compilation events (20 events):
Event: 56.133 Thread 0x00007f0ef01b1cb0 nmethod 16470 0x00007f0ee5ac0e10 code [0x00007f0ee5ac0fc0, 0x00007f0ee5ac1278]
Event: 56.133 Thread 0x00007f0ef01b31a0 nmethod 16471 0x00007f0edfc76d10 code [0x00007f0edfc76f60, 0x00007f0edfc77490]
Event: 56.216 Thread 0x00007f0ef01b1cb0 16366       4       org.jetbrains.org.objectweb.asm.Type::getObjectType (31 bytes)
Event: 56.216 Thread 0x00007f0ef01b31a0 16474       2       java.util.concurrent.ConcurrentHashMap$KeySetView::contains (9 bytes)
Event: 56.217 Thread 0x00007f0ef01b31a0 nmethod 16474 0x00007f0edfc77690 code [0x00007f0edfc77840, 0x00007f0edfc77960]
Event: 56.217 Thread 0x00007f0ef01b31a0 16484       3       org.jetbrains.org.objectweb.asm.tree.analysis.BasicInterpreter::newOperation (471 bytes)
Event: 57.039 Thread 0x00007f0ef01b31a0 nmethod 16484 0x00007f0edfc77a10 code [0x00007f0edfc77fc0, 0x00007f0edfc7afe0]
Event: 57.042 Thread 0x00007f0ef01b1cb0 nmethod 16366 0x00007f0ee5ac1490 code [0x00007f0ee5ac1620, 0x00007f0ee5ac1868]
Event: 57.070 Thread 0x00007f0ef01b31a0 16508 %     3       org.jetbrains.kotlin.codegen.optimization.boxing.RedundantBoxingMethodTransformer::getValuesStoredOrLoadedToVariable @ 111 (261 bytes)
Event: 58.305 Thread 0x00007f0ef01b1cb0 16512       4       org.jetbrains.kotlin.ir.types.IrTypeUtilsKt::isNullable (302 bytes)
Event: 61.476 Thread 0x00007f0ef01b31a0 nmethod 16508% 0x00007f0edfc7ba90 code [0x00007f0edfc7bfa0, 0x00007f0edfc7ed40]
Event: 61.532 Thread 0x00007f0ef01b31a0 16542       2       org.jetbrains.org.objectweb.asm.ClassReader::readElementValue (1237 bytes)
Event: 67.059 Thread 0x00007f0ef01b31a0 nmethod 16542 0x00007f0edfc7fe90 code [0x00007f0edfc80520, 0x00007f0edfc82910]
Event: 67.401 Thread 0x00007f0ef01b31a0 16526       2       java.lang.StringBuilder::append (9 bytes)
Event: 68.628 Thread 0x00007f0ef01b31a0 nmethod 16526 0x00007f0edfc83e90 code [0x00007f0edfc84040, 0x00007f0edfc841b0]
Event: 71.381 Thread 0x00007f0ef01b1cb0 nmethod 16512 0x00007f0ee5ac1a10 code [0x00007f0ee5ac1ce0, 0x00007f0ee5ac2bd8]
Event: 71.449 Thread 0x00007f0ef01b1cb0 16517       4       org.jetbrains.org.objectweb.asm.tree.analysis.Frame::execute (2125 bytes)
Event: 78.272 Thread 0x00007f0ef01b31a0 16547       2       java.util.IdentityHashMap::resize (153 bytes)
Event: 78.642 Thread 0x00007f0ef01b31a0 nmethod 16547 0x00007f0edfc84290 code [0x00007f0edfc844a0, 0x00007f0edfc84bd0]
Event: 78.795 Thread 0x00007f0ef01b31a0 16548       2       org.jetbrains.kotlin.codegen.optimization.LabelNormalizationMethodTransformer$TransformerForMethod::rewriteNonLabelInstructions (113 bytes)

GC Heap History (20 events):
Event: 7.122 GC heap after
{Heap after GC invocations=20 (full 0):
 garbage-first heap   total 89088K, used 46067K [0x0000000085400000, 0x0000000100000000)
  region size 1024K, 4 young (4096K), 4 survivors (4096K)
 Metaspace       used 59550K, committed 59840K, reserved 1114112K
  class space    used 7185K, committed 7296K, reserved 1048576K
}
Event: 7.451 GC heap before
{Heap before GC invocations=20 (full 0):
 garbage-first heap   total 89088K, used 67571K [0x0000000085400000, 0x0000000100000000)
  region size 1024K, 26 young (26624K), 4 survivors (4096K)
 Metaspace       used 60369K, committed 60608K, reserved 1114112K
  class space    used 7254K, committed 7360K, reserved 1048576K
}
Event: 7.474 GC heap after
{Heap after GC invocations=21 (full 0):
 garbage-first heap   total 192512K, used 50038K [0x0000000085400000, 0x0000000100000000)
  region size 1024K, 4 young (4096K), 4 survivors (4096K)
 Metaspace       used 60369K, committed 60608K, reserved 1114112K
  class space    used 7254K, committed 7360K, reserved 1048576K
}
Event: 9.339 GC heap before
{Heap before GC invocations=22 (full 0):
 garbage-first heap   total 191488K, used 124790K [0x0000000085400000, 0x0000000100000000)
  region size 1024K, 77 young (78848K), 4 survivors (4096K)
 Metaspace       used 64112K, committed 64448K, reserved 1114112K
  class space    used 7510K, committed 7680K, reserved 1048576K
}
Event: 9.363 GC heap after
{Heap after GC invocations=23 (full 0):
 garbage-first heap   total 191488K, used 58452K [0x0000000085400000, 0x0000000100000000)
  region size 1024K, 10 young (10240K), 10 survivors (10240K)
 Metaspace       used 64112K, committed 64448K, reserved 1114112K
  class space    used 7510K, committed 7680K, reserved 1048576K
}
Event: 9.374 GC heap before
{Heap before GC invocations=23 (full 0):
 garbage-first heap   total 191488K, used 59476K [0x0000000085400000, 0x0000000100000000)
  region size 1024K, 11 young (11264K), 10 survivors (10240K)
 Metaspace       used 64127K, committed 64448K, reserved 1114112K
  class space    used 7510K, committed 7680K, reserved 1048576K
}
Event: 9.392 GC heap after
{Heap after GC invocations=24 (full 0):
 garbage-first heap   total 191488K, used 58983K [0x0000000085400000, 0x0000000100000000)
  region size 1024K, 2 young (2048K), 2 survivors (2048K)
 Metaspace       used 64127K, committed 64448K, reserved 1114112K
  class space    used 7510K, committed 7680K, reserved 1048576K
}
Event: 11.370 GC heap before
{Heap before GC invocations=24 (full 0):
 garbage-first heap   total 191488K, used 135783K [0x0000000085400000, 0x0000000100000000)
  region size 1024K, 77 young (78848K), 2 survivors (2048K)
 Metaspace       used 65695K, committed 65984K, reserved 1114112K
  class space    used 7585K, committed 7744K, reserved 1048576K
}
Event: 11.385 GC heap after
{Heap after GC invocations=25 (full 0):
 garbage-first heap   total 191488K, used 66084K [0x0000000085400000, 0x0000000100000000)
  region size 1024K, 9 young (9216K), 9 survivors (9216K)
 Metaspace       used 65695K, committed 65984K, reserved 1114112K
  class space    used 7585K, committed 7744K, reserved 1048576K
}
Event: 13.098 GC heap before
{Heap before GC invocations=25 (full 0):
 garbage-first heap   total 191488K, used 138788K [0x0000000085400000, 0x0000000100000000)
  region size 1024K, 81 young (82944K), 9 survivors (9216K)
 Metaspace       used 74836K, committed 75072K, reserved 1179648K
  class space    used 8527K, committed 8640K, reserved 1048576K
}
Event: 13.123 GC heap after
{Heap after GC invocations=26 (full 0):
 garbage-first heap   total 191488K, used 73012K [0x0000000085400000, 0x0000000100000000)
  region size 1024K, 7 young (7168K), 7 survivors (7168K)
 Metaspace       used 74836K, committed 75072K, reserved 1179648K
  class space    used 8527K, committed 8640K, reserved 1048576K
}
Event: 14.689 GC heap before
{Heap before GC invocations=26 (full 0):
 garbage-first heap   total 191488K, used 145716K [0x0000000085400000, 0x0000000100000000)
  region size 1024K, 78 young (79872K), 7 survivors (7168K)
 Metaspace       used 81135K, committed 81472K, reserved 1179648K
  class space    used 9198K, committed 9344K, reserved 1048576K
}
Event: 14.716 GC heap after
{Heap after GC invocations=27 (full 0):
 garbage-first heap   total 191488K, used 83389K [0x0000000085400000, 0x0000000100000000)
  region size 1024K, 10 young (10240K), 10 survivors (10240K)
 Metaspace       used 81135K, committed 81472K, reserved 1179648K
  class space    used 9198K, committed 9344K, reserved 1048576K
}
Event: 19.321 GC heap before
{Heap before GC invocations=27 (full 0):
 garbage-first heap   total 191488K, used 147901K [0x0000000085400000, 0x0000000100000000)
  region size 1024K, 73 young (74752K), 10 survivors (10240K)
 Metaspace       used 89109K, committed 89408K, reserved 1179648K
  class space    used 9890K, committed 10048K, reserved 1048576K
}
Event: 19.468 GC heap after
{Heap after GC invocations=28 (full 0):
 garbage-first heap   total 191488K, used 89777K [0x0000000085400000, 0x0000000100000000)
  region size 1024K, 6 young (6144K), 6 survivors (6144K)
 Metaspace       used 89109K, committed 89408K, reserved 1179648K
  class space    used 9890K, committed 10048K, reserved 1048576K
}
Event: 57.100 GC heap before
{Heap before GC invocations=28 (full 0):
 garbage-first heap   total 191488K, used 150193K [0x0000000085400000, 0x0000000100000000)
  region size 1024K, 65 young (66560K), 6 survivors (6144K)
 Metaspace       used 92588K, committed 92928K, reserved 1179648K
  class space    used 10153K, committed 10304K, reserved 1048576K
}
Event: 57.827 GC heap after
{Heap after GC invocations=29 (full 0):
 garbage-first heap   total 191488K, used 94983K [0x0000000085400000, 0x0000000100000000)
  region size 1024K, 6 young (6144K), 6 survivors (6144K)
 Metaspace       used 92588K, committed 92928K, reserved 1179648K
  class space    used 10153K, committed 10304K, reserved 1048576K
}
Event: 58.894 GC heap before
{Heap before GC invocations=29 (full 0):
 garbage-first heap   total 191488K, used 98055K [0x0000000085400000, 0x0000000100000000)
  region size 1024K, 9 young (9216K), 6 survivors (6144K)
 Metaspace       used 92588K, committed 92928K, reserved 1179648K
  class space    used 10153K, committed 10304K, reserved 1048576K
}
Event: 60.431 GC heap after
{Heap after GC invocations=30 (full 0):
 garbage-first heap   total 191488K, used 95570K [0x0000000085400000, 0x0000000100000000)
  region size 1024K, 1 young (1024K), 1 survivors (1024K)
 Metaspace       used 92588K, committed 92928K, reserved 1179648K
  class space    used 10153K, committed 10304K, reserved 1048576K
}
Event: 88.310 GC heap before
{Heap before GC invocations=30 (full 0):
 garbage-first heap   total 191488K, used 103762K [0x0000000085400000, 0x0000000100000000)
  region size 1024K, 9 young (9216K), 1 survivors (1024K)
 Metaspace       used 92606K, committed 92992K, reserved 1179648K
  class space    used 10155K, committed 10304K, reserved 1048576K
}

Dll operation events (6 events):
Event: 0.007 Loaded shared library /snap/android-studio/161/jbr/lib/libjava.so
Event: 0.141 Loaded shared library /snap/android-studio/161/jbr/lib/libnio.so
Event: 0.181 Loaded shared library /snap/android-studio/161/jbr/lib/libzip.so
Event: 0.249 Loaded shared library /snap/android-studio/161/jbr/lib/libjimage.so
Event: 0.397 Loaded shared library /snap/android-studio/161/jbr/lib/libverify.so
Event: 0.479 Loaded shared library /tmp/libjansi-1.9.0-release-358-13769684513651272243.so

Deoptimization events (20 events):
Event: 49.181 Thread 0x00007f0ef0025cd0 DEOPT PACKING pc=0x00007f0ee5aa3e54 sp=0x00007f0ef4b3d9b0
Event: 49.181 Thread 0x00007f0ef0025cd0 DEOPT UNPACKING pc=0x00007f0ee50a2699 sp=0x00007f0ef4b3d938 mode 2
Event: 49.308 Thread 0x00007f0ef0025cd0 Uncommon trap: trap_request=0xffffffc6 fr.pc=0x00007f0ee5918d88 relative=0x00000000000002a8
Event: 49.308 Thread 0x00007f0ef0025cd0 Uncommon trap: reason=bimorphic_or_optimized_type_check action=maybe_recompile pc=0x00007f0ee5918d88 method=org.jetbrains.kotlin.ir.types.IrTypeSystemContext$DefaultImpls.getNameForClassUnderKotlinPackage(Lorg/jetbrains/kotlin/ir/types/IrTypeSystemContext
Event: 49.308 Thread 0x00007f0ef0025cd0 DEOPT PACKING pc=0x00007f0ee5918d88 sp=0x00007f0ef4b39190
Event: 49.309 Thread 0x00007f0ef0025cd0 DEOPT UNPACKING pc=0x00007f0ee50a2699 sp=0x00007f0ef4b39130 mode 2
Event: 49.317 Thread 0x00007f0ef0025cd0 Uncommon trap: trap_request=0xffffffc6 fr.pc=0x00007f0ee5918d88 relative=0x00000000000002a8
Event: 49.317 Thread 0x00007f0ef0025cd0 Uncommon trap: reason=bimorphic_or_optimized_type_check action=maybe_recompile pc=0x00007f0ee5918d88 method=org.jetbrains.kotlin.ir.types.IrTypeSystemContext$DefaultImpls.getNameForClassUnderKotlinPackage(Lorg/jetbrains/kotlin/ir/types/IrTypeSystemContext
Event: 49.317 Thread 0x00007f0ef0025cd0 DEOPT PACKING pc=0x00007f0ee5918d88 sp=0x00007f0ef4b39190
Event: 49.317 Thread 0x00007f0ef0025cd0 DEOPT UNPACKING pc=0x00007f0ee50a2699 sp=0x00007f0ef4b39130 mode 2
Event: 49.667 Thread 0x00007f0ef0025cd0 Uncommon trap: trap_request=0xffffff45 fr.pc=0x00007f0ee5aac11c relative=0x00000000000026bc
Event: 49.667 Thread 0x00007f0ef0025cd0 Uncommon trap: reason=unstable_if action=reinterpret pc=0x00007f0ee5aac11c method=org.jetbrains.org.objectweb.asm.tree.analysis.Frame.execute(Lorg/jetbrains/org/objectweb/asm/tree/AbstractInsnNode;Lorg/jetbrains/org/objectweb/asm/tree/analysis/Interpreter
Event: 49.713 Thread 0x00007f0ef0025cd0 DEOPT PACKING pc=0x00007f0ee5aac11c sp=0x00007f0ef4b3e150
Event: 49.762 Thread 0x00007f0ef0025cd0 DEOPT UNPACKING pc=0x00007f0ee50a2699 sp=0x00007f0ef4b3e120 mode 2
Event: 56.949 Thread 0x00007f0ef0025cd0 DEOPT PACKING pc=0x00007f0eddd9c199 sp=0x00007f0ef4b3fd80
Event: 56.977 Thread 0x00007f0ef0025cd0 DEOPT UNPACKING pc=0x00007f0ee50a2e2f sp=0x00007f0ef4b3f270 mode 0
Event: 57.004 Thread 0x00007f0ef0025cd0 Uncommon trap: trap_request=0xffffff45 fr.pc=0x00007f0ee5a9e230 relative=0x0000000000001a70
Event: 57.004 Thread 0x00007f0ef0025cd0 Uncommon trap: reason=unstable_if action=reinterpret pc=0x00007f0ee5a9e230 method=org.jetbrains.org.objectweb.asm.ClassReader.readElementValue(Lorg/jetbrains/org/objectweb/asm/AnnotationVisitor;ILjava/lang/String;[C)I @ 102 c2
Event: 57.012 Thread 0x00007f0ef0025cd0 DEOPT PACKING pc=0x00007f0ee5a9e230 sp=0x00007f0ef4b3e8f0
Event: 57.012 Thread 0x00007f0ef0025cd0 DEOPT UNPACKING pc=0x00007f0ee50a2699 sp=0x00007f0ef4b3e870 mode 2

Classes unloaded (0 events):
No events

Classes redefined (0 events):
No events

Internal exceptions (20 events):
Event: 6.960 Thread 0x00007f0ef0025cd0 Exception <a 'java/lang/NoSuchMethodError'{0x0000000089795d38}: 'java.lang.Object java.lang.invoke.DirectMethodHandle$Holder.invokeStatic(java.lang.Object, int, java.lang.Object, java.lang.Object)'> (0x0000000089795d38) 
thrown [src/hotspot/share/interpreter/linkResolver.cpp, line 771]
Event: 6.960 Thread 0x00007f0ef0025cd0 Exception <a 'java/lang/NoSuchMethodError'{0x000000008979e238}: 'java.lang.Object java.lang.invoke.DirectMethodHandle$Holder.newInvokeSpecial(java.lang.Object, int, java.lang.Object)'> (0x000000008979e238) 
thrown [src/hotspot/share/interpreter/linkResolver.cpp, line 771]
Event: 6.975 Thread 0x00007f0ef0025cd0 Exception <a 'java/lang/NoSuchMethodError'{0x00000000897f8c00}: 'java.lang.Object java.lang.invoke.DirectMethodHandle$Holder.invokeStatic(java.lang.Object, int, java.lang.Object)'> (0x00000000897f8c00) 
thrown [src/hotspot/share/interpreter/linkResolver.cpp, line 771]
Event: 7.585 Thread 0x00007f0ef0025cd0 Implicit null exception at 0x00007f0ee56e1a5c to 0x00007f0ee56e1b10
Event: 7.585 Thread 0x00007f0ef0025cd0 Implicit null exception at 0x00007f0ee56585d8 to 0x00007f0ee5658666
Event: 7.588 Thread 0x00007f0ef0025cd0 Implicit null exception at 0x00007f0ee564262f to 0x00007f0ee56426a5
Event: 7.679 Thread 0x00007f0ef0025cd0 Exception <a 'java/lang/NoSuchMethodError'{0x00000000905a34f8}: 'java.lang.Object java.lang.invoke.DirectMethodHandle$Holder.newInvokeSpecial(java.lang.Object, java.lang.Object, java.lang.Object, java.lang.Object, java.lang.Object, java.lang.Object, java.lang.Object)'> (0x00000000905a34f8) 
thrown [src/hotspot/share/interpreter/linkResolver.cpp, line 771]
Event: 7.679 Thread 0x00007f0ef0025cd0 Exception <a 'java/lang/NoSuchMethodError'{0x00000000905a8600}: 'java.lang.Object java.lang.invoke.Invokers$Holder.linkToTargetMethod(java.lang.Object, java.lang.Object, java.lang.Object, java.lang.Object, java.lang.Object, java.lang.Object, java.lang.Object)'> (0x00000000905a8600) 
thrown [src/hotspot/share/interpreter/linkResolver.cpp, line 771]
Event: 7.698 Thread 0x00007f0ef0025cd0 Exception <a 'java/lang/NoSuchMethodError'{0x0000000090412e48}: 'java.lang.Object java.lang.invoke.DirectMethodHandle$Holder.invokeInterface(java.lang.Object, java.lang.Object, java.lang.Object)'> (0x0000000090412e48) 
thrown [src/hotspot/share/interpreter/linkResolver.cpp, line 771]
Event: 7.698 Thread 0x00007f0ef0025cd0 Exception <a 'java/lang/IncompatibleClassChangeError'{0x0000000090416d08}: Found class java.lang.Object, but interface was expected> (0x0000000090416d08) 
thrown [src/hotspot/share/interpreter/linkResolver.cpp, line 838]
Event: 9.649 Thread 0x00007f0ef0025cd0 Implicit null exception at 0x00007f0ee58c067f to 0x00007f0ee58c1054
Event: 11.687 Thread 0x00007f0ef0025cd0 Implicit null exception at 0x00007f0ee574a253 to 0x00007f0ee574a414
Event: 11.933 Thread 0x00007f0ef0025cd0 Exception <a 'java/lang/NoSuchMethodError'{0x000000008f072bf0}: 'java.lang.Object java.lang.invoke.DirectMethodHandle$Holder.invokeStaticInit(java.lang.Object, java.lang.Object, java.lang.Object, java.lang.Object)'> (0x000000008f072bf0) 
thrown [src/hotspot/share/interpreter/linkResolver.cpp, line 771]
Event: 12.192 Thread 0x00007f0ef0025cd0 Exception <a 'java/lang/NoSuchMethodError'{0x000000008e2bd0c0}: 'java.lang.Object java.lang.invoke.DirectMethodHandle$Holder.newInvokeSpecial(java.lang.Object, java.lang.Object, java.lang.Object, int, int)'> (0x000000008e2bd0c0) 
thrown [src/hotspot/share/interpreter/linkResolver.cpp, line 771]
Event: 12.193 Thread 0x00007f0ef0025cd0 Exception <a 'java/lang/NoSuchMethodError'{0x000000008e2c0f00}: 'java.lang.Object java.lang.invoke.DirectMethodHandle$Holder.invokeSpecial(java.lang.Object, java.lang.Object, java.lang.Object, java.lang.Object, int, int)'> (0x000000008e2c0f00) 
thrown [src/hotspot/share/interpreter/linkResolver.cpp, line 771]
Event: 12.402 Thread 0x00007f0ef0025cd0 Exception <a 'java/lang/NoSuchMethodError'{0x000000008dbab888}: 'java.lang.Object java.lang.invoke.DirectMethodHandle$Holder.invokeStatic(java.lang.Object, java.lang.Object, java.lang.Object, int, int, java.lang.Object, java.lang.Object, java.lang.Object, java.lang.Object)'> (0x000000008dbab888) 
thrown [src/hotspot/share/interpreter/linkResolver.cpp, line 771]
Event: 12.403 Thread 0x00007f0ef0025cd0 Exception <a 'java/lang/NoSuchMethodError'{0x000000008dbb5b50}: 'java.lang.Object java.lang.invoke.DirectMethodHandle$Holder.newInvokeSpecial(java.lang.Object, java.lang.Object, java.lang.Object, int, int, java.lang.Object)'> (0x000000008dbb5b50) 
thrown [src/hotspot/share/interpreter/linkResolver.cpp, line 771]
Event: 12.403 Thread 0x00007f0ef0025cd0 Exception <a 'java/lang/NoSuchMethodError'{0x000000008dbbd4f0}: 'java.lang.Object java.lang.invoke.Invokers$Holder.linkToTargetMethod(java.lang.Object, java.lang.Object, int, int, java.lang.Object, java.lang.Object)'> (0x000000008dbbd4f0) 
thrown [src/hotspot/share/interpreter/linkResolver.cpp, line 771]
Event: 12.537 Thread 0x00007f0ef0025cd0 Implicit null exception at 0x00007f0ee564626d to 0x00007f0ee5646490
Event: 12.606 Thread 0x00007f0ef0025cd0 Exception <a 'java/lang/NoSuchMethodError'{0x000000008d43daa8}: 'java.lang.Object java.lang.invoke.DirectMethodHandle$Holder.invokeSpecial(java.lang.Object, java.lang.Object, int, int, java.lang.Object, java.lang.Object, java.lang.Object, java.lang.Object, java.lang.Object)'> (0x000000008d43daa8) 
thrown [src/hotspot/share/interpreter/linkResolver.cpp, line 771]

VM Operations (20 events):
Event: 48.824 Executing VM operation: Cleanup done
Event: 50.138 Executing VM operation: Cleanup
Event: 50.257 Executing VM operation: Cleanup done
Event: 51.259 Executing VM operation: Cleanup
Event: 51.476 Executing VM operation: Cleanup done
Event: 54.814 Executing VM operation: Cleanup
Event: 55.066 Executing VM operation: Cleanup done
Event: 56.084 Executing VM operation: Cleanup
Event: 56.133 Executing VM operation: Cleanup done
Event: 57.055 Executing VM operation: G1CollectForAllocation
Event: 58.262 Executing VM operation: G1CollectForAllocation done
Event: 58.764 Executing VM operation: G1CollectForAllocation
Event: 60.528 Executing VM operation: G1CollectForAllocation done
Event: 61.082 Executing VM operation: HandshakeAllThreads
Event: 61.107 Executing VM operation: HandshakeAllThreads done
Event: 62.229 Executing VM operation: Cleanup
Event: 63.740 Executing VM operation: Cleanup done
Event: 81.751 Executing VM operation: Cleanup
Event: 82.542 Executing VM operation: Cleanup done
Event: 83.262 Executing VM operation: G1CollectForAllocation

Events (20 events):
Event: 18.374 Thread 0x00007f0ef01b4620 flushing nmethod 0x00007f0edf645910
Event: 18.374 Thread 0x00007f0ef01b4620 flushing nmethod 0x00007f0edf648f90
Event: 18.374 Thread 0x00007f0ef01b4620 flushing nmethod 0x00007f0edf64a590
Event: 18.374 Thread 0x00007f0ef01b4620 flushing nmethod 0x00007f0edf64b010
Event: 18.374 Thread 0x00007f0ef01b4620 flushing nmethod 0x00007f0edf64fe90
Event: 18.374 Thread 0x00007f0ef01b4620 flushing nmethod 0x00007f0edf659390
Event: 18.374 Thread 0x00007f0ef01b4620 flushing nmethod 0x00007f0edf65c890
Event: 18.374 Thread 0x00007f0ef01b4620 flushing nmethod 0x00007f0edf65d390
Event: 18.374 Thread 0x00007f0ef01b4620 flushing nmethod 0x00007f0edf670110
Event: 18.374 Thread 0x00007f0ef01b4620 flushing nmethod 0x00007f0edf675390
Event: 18.374 Thread 0x00007f0ef01b4620 flushing nmethod 0x00007f0edf67ba90
Event: 18.375 Thread 0x00007f0ef01b4620 flushing nmethod 0x00007f0edf71eb90
Event: 18.375 Thread 0x00007f0ef01b4620 flushing nmethod 0x00007f0edf773490
Event: 18.375 Thread 0x00007f0ef01b4620 flushing nmethod 0x00007f0edf775c10
Event: 18.375 Thread 0x00007f0ef01b4620 flushing nmethod 0x00007f0edf788410
Event: 18.375 Thread 0x00007f0ef01b4620 flushing nmethod 0x00007f0edf7a7810
Event: 18.375 Thread 0x00007f0ef01b4620 flushing nmethod 0x00007f0edf7a8490
Event: 18.375 Thread 0x00007f0ef01b4620 flushing nmethod 0x00007f0edf7bdb90
Event: 20.862 loading class java/util/Vector$Itr
Event: 20.981 loading class java/util/Vector$Itr done


Dynamic libraries:
85400000-91000000 rw-p 00000000 00:00 0 
a5800000-100000000 ---p 00000000 00:00 0 
100000000-100040000 rw-p 00000000 00:00 0 
100040000-1000c0000 rw-p 00000000 00:00 0 
1000c0000-100180000 rw-p 00000000 00:00 0 
100180000-1005f0000 rw-p 00000000 00:00 0 
1005f0000-100600000 ---p 00000000 00:00 0 
100600000-100a20000 rw-p 00000000 00:00 0 
100a20000-140000000 ---p 00000000 00:00 0 
556ef6cff000-556ef6d00000 r--p 00000000 07:15 65                         /snap/android-studio/161/jbr/bin/java
556ef6d00000-556ef6d01000 r-xp 00000000 07:15 65                         /snap/android-studio/161/jbr/bin/java
556ef6d01000-556ef6d03000 r--p 00000000 07:15 65                         /snap/android-studio/161/jbr/bin/java
556ef6d03000-556ef6d04000 rw-p 00001000 07:15 65                         /snap/android-studio/161/jbr/bin/java
556ef83ad000-556ef83f5000 rw-p 00000000 00:00 0                          [heap]
7f0e78000000-7f0e78021000 rw-p 00000000 00:00 0 
7f0e78021000-7f0e7c000000 ---p 00000000 00:00 0 
7f0e7c000000-7f0e7d0e0000 rw-p 00000000 00:00 0 
7f0e7d0e0000-7f0e80000000 ---p 00000000 00:00 0 
7f0e80000000-7f0e80032000 rw-p 00000000 00:00 0 
7f0e80032000-7f0e84000000 ---p 00000000 00:00 0 
7f0e84000000-7f0e84041000 rw-p 00000000 00:00 0 
7f0e84041000-7f0e88000000 ---p 00000000 00:00 0 
7f0e88000000-7f0e88021000 rw-p 00000000 00:00 0 
7f0e88021000-7f0e8c000000 ---p 00000000 00:00 0 
7f0e8c000000-7f0e8c021000 rw-p 00000000 00:00 0 
7f0e8c021000-7f0e90000000 ---p 00000000 00:00 0 
7f0e90000000-7f0e90021000 rw-p 00000000 00:00 0 
7f0e90021000-7f0e94000000 ---p 00000000 00:00 0 
7f0e94000000-7f0e94021000 rw-p 00000000 00:00 0 
7f0e94021000-7f0e98000000 ---p 00000000 00:00 0 
7f0e98000000-7f0e98b59000 rw-p 00000000 00:00 0 
7f0e98b59000-7f0e9c000000 ---p 00000000 00:00 0 
7f0e9c000000-7f0e9c021000 rw-p 00000000 00:00 0 
7f0e9c021000-7f0ea0000000 ---p 00000000 00:00 0 
7f0ea0000000-7f0ea0021000 rw-p 00000000 00:00 0 
7f0ea0021000-7f0ea4000000 ---p 00000000 00:00 0 
7f0ea4000000-7f0ea58a1000 rw-p 00000000 00:00 0 
7f0ea58a1000-7f0ea8000000 ---p 00000000 00:00 0 
7f0ea8000000-7f0ea8021000 rw-p 00000000 00:00 0 
7f0ea8021000-7f0eac000000 ---p 00000000 00:00 0 
7f0eac000000-7f0eac021000 rw-p 00000000 00:00 0 
7f0eac021000-7f0eb0000000 ---p 00000000 00:00 0 
7f0eb0000000-7f0eb0021000 rw-p 00000000 00:00 0 
7f0eb0021000-7f0eb4000000 ---p 00000000 00:00 0 
7f0eb4000000-7f0eb4021000 rw-p 00000000 00:00 0 
7f0eb4021000-7f0eb8000000 ---p 00000000 00:00 0 
7f0eb8000000-7f0eb8194000 rw-p 00000000 00:00 0 
7f0eb8194000-7f0ebc000000 ---p 00000000 00:00 0 
7f0ebc000000-7f0ebc021000 rw-p 00000000 00:00 0 
7f0ebc021000-7f0ec0000000 ---p 00000000 00:00 0 
7f0ec0000000-7f0ec0500000 rw-p 00000000 00:00 0 
7f0ec0500000-7f0ec0580000 rw-p 00000000 00:00 0 
7f0ec0580000-7f0ec0600000 rw-p 00000000 00:00 0 
7f0ec0600000-7f0ec0680000 rw-p 00000000 00:00 0 
7f0ec0680000-7f0ec0700000 rw-p 00000000 00:00 0 
7f0ec0700000-7f0ec0980000 rw-p 00000000 00:00 0 
7f0ec0980000-7f0ec0a00000 rw-p 00000000 00:00 0 
7f0ec0a00000-7f0ec0d00000 rw-p 00000000 00:00 0 
7f0ec0d00000-7f0ec0e00000 rw-p 00000000 00:00 0 
7f0ec0e00000-7f0ec1300000 rw-p 00000000 00:00 0 
7f0ec1300000-7f0ec1400000 rw-p 00000000 00:00 0 
7f0ec1400000-7f0ec2700000 rw-p 00000000 00:00 0 
7f0ec2700000-7f0ec27e0000 rw-p 00000000 00:00 0 
7f0ec27e0000-7f0ec2800000 ---p 00000000 00:00 0 
7f0ec2800000-7f0ec4000000 rw-p 00000000 00:00 0 
7f0ec4000000-7f0ec4021000 rw-p 00000000 00:00 0 
7f0ec4021000-7f0ec8000000 ---p 00000000 00:00 0 
7f0ec9257000-7f0ec94f4000 rw-p 00000000 00:00 0 
7f0ec94f4000-7f0ec94f5000 ---p 00000000 00:00 0 
7f0ec94f5000-7f0ec95f5000 rw-p 00000000 00:00 0 
7f0ec95f5000-7f0ec95f6000 ---p 00000000 00:00 0 
7f0ec95f6000-7f0ec96f6000 rw-p 00000000 00:00 0 
7f0ec96f6000-7f0ec96f7000 ---p 00000000 00:00 0 
7f0ec96f7000-7f0ec97f7000 rw-p 00000000 00:00 0 
7f0ec97f7000-7f0ec97f8000 ---p 00000000 00:00 0 
7f0ec97f8000-7f0ec98f8000 rw-p 00000000 00:00 0 
7f0ec98f8000-7f0ec98fb000 r-xp 00000000 08:01 4998280                    /tmp/libjansi-1.9.0-release-358-13769684513651272243.so
7f0ec98fb000-7f0ec9afa000 ---p 00003000 08:01 4998280                    /tmp/libjansi-1.9.0-release-358-13769684513651272243.so
7f0ec9afa000-7f0ec9afb000 rw-p 00002000 08:01 4998280                    /tmp/libjansi-1.9.0-release-358-13769684513651272243.so
7f0ec9afb000-7f0ec9afc000 ---p 00000000 00:00 0 
7f0ec9afc000-7f0ec9b00000 ---p 00000000 00:00 0 
7f0ec9b00000-7f0ec9bfc000 rw-p 00000000 00:00 0 
7f0ec9bfc000-7f0ec9bfd000 ---p 00000000 00:00 0 
7f0ec9bfd000-7f0ec9cfd000 rw-p 00000000 00:00 0 
7f0ec9cfd000-7f0ec9cfe000 ---p 00000000 00:00 0 
7f0ec9cfe000-7f0ec9d02000 ---p 00000000 00:00 0 
7f0ec9d02000-7f0ec9dfe000 rw-p 00000000 00:00 0 
7f0ec9dfe000-7f0ec9dff000 ---p 00000000 00:00 0 
7f0ec9dff000-7f0ec9e03000 ---p 00000000 00:00 0 
7f0ec9e03000-7f0ec9eff000 rw-p 00000000 00:00 0 
7f0ec9eff000-7f0ec9f00000 ---p 00000000 00:00 0 
7f0ec9f00000-7f0ec9f04000 ---p 00000000 00:00 0 
7f0ec9f04000-7f0ecc000000 rw-p 00000000 00:00 0 
7f0ecc000000-7f0ecc021000 rw-p 00000000 00:00 0 
7f0ecc021000-7f0ed0000000 ---p 00000000 00:00 0 
7f0ed0000000-7f0ed0021000 rw-p 00000000 00:00 0 
7f0ed0021000-7f0ed4000000 ---p 00000000 00:00 0 
7f0ed4000000-7f0ed4021000 rw-p 00000000 00:00 0 
7f0ed4021000-7f0ed8000000 ---p 00000000 00:00 0 
7f0ed803b000-7f0ed8042000 r--s 00000000 08:01 2457311                    /usr/lib/x86_64-linux-gnu/gconv/gconv-modules.cache
7f0ed8042000-7f0ed8048000 r--p 00000000 07:15 472                        /snap/android-studio/161/jbr/lib/libverify.so
7f0ed8048000-7f0ed8050000 r-xp 00005000 07:15 472                        /snap/android-studio/161/jbr/lib/libverify.so
7f0ed8050000-7f0ed8052000 r--p 0000c000 07:15 472                        /snap/android-studio/161/jbr/lib/libverify.so
7f0ed8052000-7f0ed8053000 rw-p 0000d000 07:15 472                        /snap/android-studio/161/jbr/lib/libverify.so
7f0ed8053000-7f0ed8084000 rw-p 00000000 00:00 0 
7f0ed8084000-7f0ed808b000 r--p 00000000 07:15 465                        /snap/android-studio/161/jbr/lib/libnet.so
7f0ed808b000-7f0ed8098000 r-xp 00006000 07:15 465                        /snap/android-studio/161/jbr/lib/libnet.so
7f0ed8098000-7f0ed8099000 r--p 00012000 07:15 465                        /snap/android-studio/161/jbr/lib/libnet.so
7f0ed8099000-7f0ed809a000 rw-p 00012000 07:15 465                        /snap/android-studio/161/jbr/lib/libnet.so
7f0ed809a000-7f0ed809b000 rw-p 00000000 00:00 0 
7f0ed809b000-7f0ed809c000 ---p 00000000 00:00 0 
7f0ed809c000-7f0ed80a0000 ---p 00000000 00:00 0 
7f0ed80a0000-7f0ed819c000 rw-p 00000000 00:00 0 
7f0ed819c000-7f0ed819d000 ---p 00000000 00:00 0 
7f0ed819d000-7f0ed81a1000 ---p 00000000 00:00 0 
7f0ed81a1000-7f0ed829d000 rw-p 00000000 00:00 0 
7f0ed829d000-7f0ed829e000 ---p 00000000 00:00 0 
7f0ed829e000-7f0ed82a2000 ---p 00000000 00:00 0 
7f0ed82a2000-7f0ed839e000 rw-p 00000000 00:00 0 
7f0ed839e000-7f0ed839f000 ---p 00000000 00:00 0 
7f0ed839f000-7f0ed83a3000 ---p 00000000 00:00 0 
7f0ed83a3000-7f0ed849f000 rw-p 00000000 00:00 0 
7f0ed849f000-7f0ed8784000 r--p 00000000 08:01 2359320                    /usr/lib/locale/locale-archive
7f0ed8784000-7f0ed8785000 ---p 00000000 00:00 0 
7f0ed8785000-7f0ed8789000 ---p 00000000 00:00 0 
7f0ed8789000-7f0ed8885000 rw-p 00000000 00:00 0 
7f0ed8885000-7f0ed8886000 ---p 00000000 00:00 0 
7f0ed8886000-7f0ed888a000 ---p 00000000 00:00 0 
7f0ed888a000-7f0ed8986000 rw-p 00000000 00:00 0 
7f0ed8986000-7f0ed8987000 ---p 00000000 00:00 0 
7f0ed8987000-7f0ed8cbe000 rw-p 00000000 00:00 0 
7f0ed8cbe000-7f0ed8cbf000 ---p 00000000 00:00 0 
7f0ed8cbf000-7f0ed8dbf000 rw-p 00000000 00:00 0 
7f0ed8dbf000-7f0ed8dc0000 ---p 00000000 00:00 0 
7f0ed8dc0000-7f0ed92c4000 rw-p 00000000 00:00 0 
7f0ed92c4000-7f0ed92c5000 ---p 00000000 00:00 0 
7f0ed92c5000-7f0ed93c5000 rw-p 00000000 00:00 0 
7f0ed93c5000-7f0ed93c6000 ---p 00000000 00:00 0 
7f0ed93c6000-7f0ed94c6000 rw-p 00000000 00:00 0 
7f0ed94c6000-7f0ed94c7000 ---p 00000000 00:00 0 
7f0ed94c7000-7f0ed98f9000 rw-p 00000000 00:00 0 
7f0ed98f9000-7f0edb4b9000 ---p 00000000 00:00 0 
7f0edb4b9000-7f0edb62d000 rw-p 00000000 00:00 0 
7f0edb62d000-7f0edb6a5000 rw-p 00000000 00:00 0 
7f0edb6a5000-7f0edb7a9000 rw-p 00000000 00:00 0 
7f0edb7a9000-7f0edd369000 ---p 00000000 00:00 0 
7f0edd369000-7f0edd3c7000 rw-p 00000000 00:00 0 
7f0edd3c7000-7f0edd73f000 ---p 00000000 00:00 0 
7f0edd73f000-7f0edd79d000 rw-p 00000000 00:00 0 
7f0edd79d000-7f0eddb15000 ---p 00000000 00:00 0 
7f0eddb15000-7f0edfc85000 rwxp 00000000 00:00 0 
7f0edfc85000-7f0ee504c000 ---p 00000000 00:00 0 
7f0ee504c000-7f0ee52bc000 rwxp 00000000 00:00 0 
7f0ee52bc000-7f0ee55dd000 ---p 00000000 00:00 0 
7f0ee55dd000-7f0ee5acd000 rwxp 00000000 00:00 0 
7f0ee5acd000-7f0eecb15000 ---p 00000000 00:00 0 
7f0eecb15000-7f0ef0000000 r--s 00000000 07:15 474                        /snap/android-studio/161/jbr/lib/modules
7f0ef0000000-7f0ef1ea1000 rw-p 00000000 00:00 0 
7f0ef1ea1000-7f0ef4000000 ---p 00000000 00:00 0 
7f0ef4002000-7f0ef4003000 r--p 00000000 08:01 2362918                    /usr/lib/x86_64-linux-gnu/libutil-2.28.so
7f0ef4003000-7f0ef4004000 r-xp 00001000 08:01 2362918                    /usr/lib/x86_64-linux-gnu/libutil-2.28.so
7f0ef4004000-7f0ef4005000 r--p 00002000 08:01 2362918                    /usr/lib/x86_64-linux-gnu/libutil-2.28.so
7f0ef4005000-7f0ef4006000 r--p 00002000 08:01 2362918                    /usr/lib/x86_64-linux-gnu/libutil-2.28.so
7f0ef4006000-7f0ef4007000 rw-p 00003000 08:01 2362918                    /usr/lib/x86_64-linux-gnu/libutil-2.28.so
7f0ef4007000-7f0ef4012000 r--p 00000000 07:15 466                        /snap/android-studio/161/jbr/lib/libnio.so
7f0ef4012000-7f0ef401a000 r-xp 0000a000 07:15 466                        /snap/android-studio/161/jbr/lib/libnio.so
7f0ef401a000-7f0ef401b000 r--p 00011000 07:15 466                        /snap/android-studio/161/jbr/lib/libnio.so
7f0ef401b000-7f0ef401c000 rw-p 00011000 07:15 466                        /snap/android-studio/161/jbr/lib/libnio.so
7f0ef401c000-7f0ef4025000 r--p 00000000 07:15 473                        /snap/android-studio/161/jbr/lib/libzip.so
7f0ef4025000-7f0ef403a000 r-xp 00008000 07:15 473                        /snap/android-studio/161/jbr/lib/libzip.so
7f0ef403a000-7f0ef403b000 r--p 0001c000 07:15 473                        /snap/android-studio/161/jbr/lib/libzip.so
7f0ef403b000-7f0ef403c000 rw-p 0001c000 07:15 473                        /snap/android-studio/161/jbr/lib/libzip.so
7f0ef403c000-7f0ef409a000 rw-p 00000000 00:00 0 
7f0ef409a000-7f0ef4412000 ---p 00000000 00:00 0 
7f0ef4412000-7f0ef4820000 rw-p 00000000 00:00 0 
7f0ef4820000-7f0ef4901000 ---p 00000000 00:00 0 
7f0ef4901000-7f0ef4944000 rw-p 00000000 00:00 0 
7f0ef4944000-7f0ef49ec000 ---p 00000000 00:00 0 
7f0ef49ec000-7f0ef49f1000 rw-p 00000000 00:00 0 
7f0ef49f1000-7f0ef49f8000 ---p 00000000 00:00 0 
7f0ef49f8000-7f0ef4a0a000 r--p 00000000 07:15 452                        /snap/android-studio/161/jbr/lib/libjava.so
7f0ef4a0a000-7f0ef4a1c000 r-xp 00011000 07:15 452                        /snap/android-studio/161/jbr/lib/libjava.so
7f0ef4a1c000-7f0ef4a1d000 r--p 00022000 07:15 452                        /snap/android-studio/161/jbr/lib/libjava.so
7f0ef4a1d000-7f0ef4a1f000 rw-p 00022000 07:15 452                        /snap/android-studio/161/jbr/lib/libjava.so
7f0ef4a1f000-7f0ef4a2a000 r--p 00000000 07:15 456                        /snap/android-studio/161/jbr/lib/libjimage.so
7f0ef4a2a000-7f0ef4a3e000 r-xp 0000a000 07:15 456                        /snap/android-studio/161/jbr/lib/libjimage.so
7f0ef4a3e000-7f0ef4a40000 r--p 0001d000 07:15 456                        /snap/android-studio/161/jbr/lib/libjimage.so
7f0ef4a40000-7f0ef4a41000 rw-p 0001e000 07:15 456                        /snap/android-studio/161/jbr/lib/libjimage.so
7f0ef4a41000-7f0ef4a42000 rw-p 00000000 00:00 0 
7f0ef4a42000-7f0ef4a46000 ---p 00000000 00:00 0 
7f0ef4a46000-7f0ef4b43000 rw-p 00000000 00:00 0 
7f0ef4b43000-7f0ef4b45000 r--p 00000000 08:01 2362916                    /usr/lib/x86_64-linux-gnu/librt-2.28.so
7f0ef4b45000-7f0ef4b49000 r-xp 00002000 08:01 2362916                    /usr/lib/x86_64-linux-gnu/librt-2.28.so
7f0ef4b49000-7f0ef4b4b000 r--p 00006000 08:01 2362916                    /usr/lib/x86_64-linux-gnu/librt-2.28.so
7f0ef4b4b000-7f0ef4b4c000 r--p 00007000 08:01 2362916                    /usr/lib/x86_64-linux-gnu/librt-2.28.so
7f0ef4b4c000-7f0ef4b4d000 rw-p 00008000 08:01 2362916                    /usr/lib/x86_64-linux-gnu/librt-2.28.so
7f0ef4b4d000-7f0ef4b5a000 r--p 00000000 08:01 2362903                    /usr/lib/x86_64-linux-gnu/libm-2.28.so
7f0ef4b5a000-7f0ef4bf9000 r-xp 0000d000 08:01 2362903                    /usr/lib/x86_64-linux-gnu/libm-2.28.so
7f0ef4bf9000-7f0ef4cce000 r--p 000ac000 08:01 2362903                    /usr/lib/x86_64-linux-gnu/libm-2.28.so
7f0ef4cce000-7f0ef4ccf000 r--p 00180000 08:01 2362903                    /usr/lib/x86_64-linux-gnu/libm-2.28.so
7f0ef4ccf000-7f0ef4cd0000 rw-p 00181000 08:01 2362903                    /usr/lib/x86_64-linux-gnu/libm-2.28.so
7f0ef4cd0000-7f0ef51f9000 r--p 00000000 07:15 484                        /snap/android-studio/161/jbr/lib/server/libjvm.so
7f0ef51f9000-7f0ef5dba000 r-xp 00528000 07:15 484                        /snap/android-studio/161/jbr/lib/server/libjvm.so
7f0ef5dba000-7f0ef5e7c000 r--p 010e8000 07:15 484                        /snap/android-studio/161/jbr/lib/server/libjvm.so
7f0ef5e7c000-7f0ef5ea6000 rw-p 011a9000 07:15 484                        /snap/android-studio/161/jbr/lib/server/libjvm.so
7f0ef5ea6000-7f0ef5f1c000 rw-p 00000000 00:00 0 
7f0ef5f1c000-7f0ef5f3e000 r--p 00000000 08:01 2362900                    /usr/lib/x86_64-linux-gnu/libc-2.28.so
7f0ef5f3e000-7f0ef6085000 r-xp 00022000 08:01 2362900                    /usr/lib/x86_64-linux-gnu/libc-2.28.so
7f0ef6085000-7f0ef60d1000 r--p 00169000 08:01 2362900                    /usr/lib/x86_64-linux-gnu/libc-2.28.so
7f0ef60d1000-7f0ef60d2000 ---p 001b5000 08:01 2362900                    /usr/lib/x86_64-linux-gnu/libc-2.28.so
7f0ef60d2000-7f0ef60d6000 r--p 001b5000 08:01 2362900                    /usr/lib/x86_64-linux-gnu/libc-2.28.so
7f0ef60d6000-7f0ef60d8000 rw-p 001b9000 08:01 2362900                    /usr/lib/x86_64-linux-gnu/libc-2.28.so
7f0ef60d8000-7f0ef60dc000 rw-p 00000000 00:00 0 
7f0ef60dc000-7f0ef60dd000 r--p 00000000 08:01 2362902                    /usr/lib/x86_64-linux-gnu/libdl-2.28.so
7f0ef60dd000-7f0ef60de000 r-xp 00001000 08:01 2362902                    /usr/lib/x86_64-linux-gnu/libdl-2.28.so
7f0ef60de000-7f0ef60df000 r--p 00002000 08:01 2362902                    /usr/lib/x86_64-linux-gnu/libdl-2.28.so
7f0ef60df000-7f0ef60e0000 r--p 00002000 08:01 2362902                    /usr/lib/x86_64-linux-gnu/libdl-2.28.so
7f0ef60e0000-7f0ef60e1000 rw-p 00003000 08:01 2362902                    /usr/lib/x86_64-linux-gnu/libdl-2.28.so
7f0ef60e1000-7f0ef60e7000 r--p 00000000 08:01 2362914                    /usr/lib/x86_64-linux-gnu/libpthread-2.28.so
7f0ef60e7000-7f0ef60f6000 r-xp 00006000 08:01 2362914                    /usr/lib/x86_64-linux-gnu/libpthread-2.28.so
7f0ef60f6000-7f0ef60fc000 r--p 00015000 08:01 2362914                    /usr/lib/x86_64-linux-gnu/libpthread-2.28.so
7f0ef60fc000-7f0ef60fd000 r--p 0001a000 08:01 2362914                    /usr/lib/x86_64-linux-gnu/libpthread-2.28.so
7f0ef60fd000-7f0ef60fe000 rw-p 0001b000 08:01 2362914                    /usr/lib/x86_64-linux-gnu/libpthread-2.28.so
7f0ef60fe000-7f0ef6102000 rw-p 00000000 00:00 0 
7f0ef6102000-7f0ef610a000 rw-s 00000000 08:01 4998279                    /tmp/hsperfdata_emmanuel/18049
7f0ef610a000-7f0ef610d000 r--p 00000000 08:01 2362909                    /usr/lib/x86_64-linux-gnu/libnss_files-2.28.so
7f0ef610d000-7f0ef6114000 r-xp 00003000 08:01 2362909                    /usr/lib/x86_64-linux-gnu/libnss_files-2.28.so
7f0ef6114000-7f0ef6116000 r--p 0000a000 08:01 2362909                    /usr/lib/x86_64-linux-gnu/libnss_files-2.28.so
7f0ef6116000-7f0ef6117000 ---p 0000c000 08:01 2362909                    /usr/lib/x86_64-linux-gnu/libnss_files-2.28.so
7f0ef6117000-7f0ef6118000 r--p 0000c000 08:01 2362909                    /usr/lib/x86_64-linux-gnu/libnss_files-2.28.so
7f0ef6118000-7f0ef6119000 rw-p 0000d000 08:01 2362909                    /usr/lib/x86_64-linux-gnu/libnss_files-2.28.so
7f0ef6119000-7f0ef611f000 rw-p 00000000 00:00 0 
7f0ef611f000-7f0ef6120000 ---p 00000000 00:00 0 
7f0ef6120000-7f0ef6121000 r--p 00000000 00:00 0 
7f0ef6121000-7f0ef6122000 ---p 00000000 00:00 0 
7f0ef6122000-7f0ef612b000 r--p 00000000 07:15 457                        /snap/android-studio/161/jbr/lib/libjli.so
7f0ef612b000-7f0ef6139000 r-xp 00008000 07:15 457                        /snap/android-studio/161/jbr/lib/libjli.so
7f0ef6139000-7f0ef613a000 r--p 00015000 07:15 457                        /snap/android-studio/161/jbr/lib/libjli.so
7f0ef613a000-7f0ef613c000 rw-p 00015000 07:15 457                        /snap/android-studio/161/jbr/lib/libjli.so
7f0ef613c000-7f0ef613e000 rw-p 00000000 00:00 0 
7f0ef613e000-7f0ef613f000 r--p 00000000 08:01 2362896                    /usr/lib/x86_64-linux-gnu/ld-2.28.so
7f0ef613f000-7f0ef615d000 r-xp 00001000 08:01 2362896                    /usr/lib/x86_64-linux-gnu/ld-2.28.so
7f0ef615d000-7f0ef6165000 r--p 0001f000 08:01 2362896                    /usr/lib/x86_64-linux-gnu/ld-2.28.so
7f0ef6165000-7f0ef6166000 r--p 00026000 08:01 2362896                    /usr/lib/x86_64-linux-gnu/ld-2.28.so
7f0ef6166000-7f0ef6167000 rw-p 00027000 08:01 2362896                    /usr/lib/x86_64-linux-gnu/ld-2.28.so
7f0ef6167000-7f0ef6168000 rw-p 00000000 00:00 0 
7ffe38d3e000-7ffe38d5f000 rw-p 00000000 00:00 0                          [stack]
7ffe38dd6000-7ffe38dd9000 r--p 00000000 00:00 0                          [vvar]
7ffe38dd9000-7ffe38ddb000 r-xp 00000000 00:00 0                          [vdso]


VM Arguments:
java_command: org.jetbrains.kotlin.cli.jvm.K2JVMCompiler @/home/emmanuel/AndroidStudioProjects/DefiCity/app/build/20240826_9983364827903392827.compiler.options
java_class_path (initial): /home/emmanuel/.gradle/caches/modules-2/files-2.1/org.jetbrains.kotlin/kotlin-compiler-embeddable/1.9.0/2c8c3a7402becca891f12739b3e9fd2dc2adbd7a/kotlin-compiler-embeddable-1.9.0.jar:/home/emmanuel/.gradle/caches/modules-2/files-2.1/org.jetbrains.kotlin/kotlin-stdlib/1.9.0/8ee15ef0c67dc83d874f412d84378d7f0eb50b63/kotlin-stdlib-1.9.0.jar:/home/emmanuel/.gradle/caches/modules-2/files-2.1/org.jetbrains.kotlin/kotlin-script-runtime/1.9.0/4b3102cbbb7e1b58d9d1adf89563f00069ffa7d1/kotlin-script-runtime-1.9.0.jar:/home/emmanuel/.gradle/caches/modules-2/files-2.1/org.jetbrains.kotlin/kotlin-reflect/1.6.10/1cbe9c92c12a94eea200d23c2bbaedaf3daf5132/kotlin-reflect-1.6.10.jar:/home/emmanuel/.gradle/caches/modules-2/files-2.1/org.jetbrains.kotlin/kotlin-daemon-embeddable/1.9.0/186543f5e28cf8d9a0290fecc2cf34301c40a65c/kotlin-daemon-embeddable-1.9.0.jar:/home/emmanuel/.gradle/caches/modules-2/files-2.1/org.jetbrains.intellij.deps/trove4j/1.0.20200330/3afb14d5f9ceb459d724e907a21145e8ff394f02/trove4j-1.0.20200330.jar:/home/emmanuel/.gradle/caches/modules-2/files-2.1/org.jetbrains.kotlin/kotlin-stdlib-common/1.9.0/cd65c21cfd1eec4d44ef09f9f52b6d9f8a720636/kotlin-stdlib-common-1.9.0.jar:/home/emmanuel/.gradle/caches/modules-2/files-2.1/org.jetbrains/annotations/13.0/919f0dfe192fb4e063e7dacadee7f8bb9a2672a9/annotations-13.0.jar
Launcher Type: SUN_STANDARD

[Global flags]
     intx CICompilerCount                          = 3                                         {product} {ergonomic}
     uint ConcGCThreads                            = 1                                         {product} {ergonomic}
     uint G1ConcRefinementThreads                  = 4                                         {product} {ergonomic}
   size_t G1HeapRegionSize                         = 1048576                                   {product} {ergonomic}
    uintx GCDrainStackTargetSize                   = 64                                        {product} {ergonomic}
   size_t InitialHeapSize                          = 130023424                                 {product} {ergonomic}
   size_t MarkStackSize                            = 4194304                                   {product} {ergonomic}
   size_t MaxHeapSize                              = 2059403264                                {product} {ergonomic}
   size_t MaxNewSize                               = 1235222528                                {product} {ergonomic}
   size_t MinHeapDeltaBytes                        = 1048576                                   {product} {ergonomic}
   size_t MinHeapSize                              = 8388608                                   {product} {ergonomic}
    uintx NonNMethodCodeHeapSize                   = 5832780                                {pd product} {ergonomic}
    uintx NonProfiledCodeHeapSize                  = 122912730                              {pd product} {ergonomic}
    uintx ProfiledCodeHeapSize                     = 122912730                              {pd product} {ergonomic}
    uintx ReservedCodeCacheSize                    = 251658240                              {pd product} {ergonomic}
     bool SegmentedCodeCache                       = true                                      {product} {ergonomic}
   size_t SoftMaxHeapSize                          = 2059403264                             {manageable} {ergonomic}
     bool UseCompressedClassPointers               = true                           {product lp64_product} {ergonomic}
     bool UseCompressedOops                        = true                           {product lp64_product} {ergonomic}
     bool UseG1GC                                  = true                                      {product} {ergonomic}

Logging:
Log output configuration:
 #0: stdout all=warning uptime,level,tags
 #1: stderr all=off uptime,level,tags

Environment Variables:
PATH=/home/emmanuel/.cargo/bin:/home/emmanuel/.ebcli-virtual-env/executables:/home/emmanuel/.ebcli-virtual-env/executables:/home/emmanuel/.ebcli-virtual-env/executables:/home/emmanuel/.ebcli-virtual-env/executables:/home/emmanuel/.ebcli-virtual-env/executables:/home/emmanuel/.ebcli-virtual-env/executables:/usr/local/go/bin:/usr/local/bin:/usr/bin:/bin:/usr/local/games:/usr/games:/snap/bin
SHELL=/bin/bash
DISPLAY=:0
LANG=en_US.UTF-8

Active Locale:
LC_ALL=en_US.UTF-8
LC_COLLATE=en_US.UTF-8
LC_CTYPE=en_US.UTF-8
LC_MESSAGES=en_US.UTF-8
LC_MONETARY=en_US.UTF-8
LC_NUMERIC=en_US.UTF-8
LC_TIME=en_US.UTF-8

Signal Handlers:
   SIGSEGV: crash_handler in libjvm.so, mask=11100100010111111101111111111110, flags=SA_RESTART|SA_SIGINFO, unblocked
    SIGBUS: crash_handler in libjvm.so, mask=11100100010111111101111111111110, flags=SA_RESTART|SA_SIGINFO, unblocked
    SIGFPE: crash_handler in libjvm.so, mask=11100100010111111101111111111110, flags=SA_RESTART|SA_SIGINFO, unblocked
   SIGPIPE: javaSignalHandler in libjvm.so, mask=11100100010111111101111111111110, flags=SA_RESTART|SA_SIGINFO, blocked
   SIGXFSZ: javaSignalHandler in libjvm.so, mask=11100100010111111101111111111110, flags=SA_RESTART|SA_SIGINFO, blocked
    SIGILL: 
[timeout occurred during error reporting in step "printing signal handlers"] after 32 s.

Periodic native trim disabled

JNI global refs:
JNI global refs: 11, weak refs: 38

JNI global refs memory usage: 867, weak refs: 1497

OOME stack traces (most recent first):
Classloader memory used:
Loader jdk.internal.loader.ClassLoaders$AppClassLoader                                 : 9756K
Loader bootstrap                                                                       : 1502K
Loader java.net.URLClassLoader                                                         : 295K
Loader jdk.internal.reflect.DelegatingClassLoader                                      : 20237B
Loader jdk.internal.loader.ClassLoaders$PlatformClassLoader                            : 2281B


---------------  S Y S T E M  ---------------

OS:
PRETTY_NAME="Debian GNU/Linux 10 (buster)"
NAME="Debian GNU/Linux"
VERSION_ID="10"
VERSION="10 (buster)"
VERSION_CODENAME=buster
ID=debian
HOME_URL="https://www.debian.org/"
SUPPORT_URL="https://www.debian.org/support"
BUG_REPORT_URL="https://bugs.debian.org/"
uname: Linux 4.19.0-27-amd64 #1 SMP Debian 4.19.316-1 (2024-06-25) x86_64
OS uptime: 0 days 3:01 hours
libc: glibc 2.28 NPTL 2.28 
rlimit (soft/hard): STACK 8192k/infinity , CORE 0k/infinity , NPROC 31257/31257 , NOFILE 1048576/1048576 , AS infinity/infinity , CPU infinity/infinity , DATA infinity/infinity , FSIZE infinity/infinity , MEMLOCK 65536k/65536k
load average: 52.87 23.98 12.25

/proc/meminfo:
MemTotal:        8041820 kB
MemFree:          132820 kB
MemAvailable:      45672 kB
Buffers:            4360 kB
Cached:           231956 kB
SwapCached:        25096 kB
Active:          6202052 kB
Inactive:        1360628 kB
Active(anon):    6190780 kB
Inactive(anon):  1337356 kB
Active(file):      11272 kB
Inactive(file):    23272 kB
Unevictable:          80 kB
Mlocked:              80 kB
SwapTotal:        999420 kB
SwapFree:              0 kB
Dirty:                40 kB
Writeback:             0 kB
AnonPages:       7302484 kB
Mapped:            59216 kB
Shmem:            201040 kB
Slab:             180356 kB
SReclaimable:      66816 kB
SUnreclaim:       113540 kB
KernelStack:       18992 kB
PageTables:        58476 kB
NFS_Unstable:          0 kB
Bounce:                0 kB
WritebackTmp:          0 kB
CommitLimit:     5020328 kB
Committed_AS:   19616620 kB
VmallocTotal:   34359738367 kB
VmallocUsed:           0 kB
VmallocChunk:          0 kB
Percpu:             3904 kB
HardwareCorrupted:     0 kB
AnonHugePages:   2861056 kB
ShmemHugePages:        0 kB
ShmemPmdMapped:        0 kB
HugePages_Total:       0
HugePages_Free:        0
HugePages_Rsvd:        0
HugePages_Surp:        0
Hugepagesize:       2048 kB
Hugetlb:               0 kB
DirectMap4k:      359936 kB
DirectMap2M:     7901184 kB
DirectMap1G:     1048576 kB

/sys/kernel/mm/transparent_hugepage/enabled: [always] madvise never
/sys/kernel/mm/transparent_hugepage/defrag (defrag/compaction efforts parameter): always defer defer+madvise [madvise] never

Process Memory:
Virtual Size: 4769972K (peak: 5104268K)
Resident Set Size: 403116K (peak: 403116K) (anon: 403116K, file: 0K, shmem: 0K)
Swapped out: 0K
C-Heap outstanding allocations: 57391K, retained: 30120K
glibc malloc tunables: (default)

/proc/sys/kernel/threads-max (system-wide limit on the number of threads): 62514
/proc/sys/vm/max_map_count (maximum number of memory map areas a process may have): 65530
/proc/sys/kernel/pid_max (system-wide limit on number of process identifiers): 32768

container (cgroup) information:
container_type: cgroupv1
cpu_cpuset_cpus: 0-3
cpu_memory_nodes: 0
active_processor_count: 4
cpu_quota: no quota
cpu_period: 100000
cpu_shares: no shares
memory_limit_in_bytes: unlimited
memory_and_swap_limit_in_bytes: not supported
memory_soft_limit_in_bytes: unlimited
memory_usage_in_bytes: 6595924 k
memory_max_usage_in_bytes: 6764900 k
kernel_memory_usage_in_bytes: 76988 k
kernel_memory_max_usage_in_bytes: unlimited
kernel_memory_limit_in_bytes: 162724 k
maximum number of tasks: unlimited
current number of tasks: 564

Steal ticks since vm start: 0
Steal ticks percentage since vm start:  0.000

CPU: total 4 (initial active 4) (2 cores per cpu, 2 threads per core) family 6 model 61 stepping 4 microcode 0x2a, cx8, cmov, fxsr, ht, mmx, 3dnowpref, sse, sse2, sse3, ssse3, sse4.1, sse4.2, popcnt, lzcnt, tsc, tscinvbit, avx, avx2, aes, erms, clmul, bmi1, bmi2, rtm, adx, fma, vzeroupper, clflush
CPU Model and flags from /proc/cpuinfo:
model name	: Intel(R) Core(TM) i7-5600U CPU @ 2.60GHz
flags		: fpu vme de pse tsc msr pae mce cx8 apic sep mtrr pge mca cmov pat pse36 clflush dts acpi mmx fxsr sse sse2 ss ht tm pbe syscall nx pdpe1gb rdtscp lm constant_tsc arch_perfmon pebs bts rep_good nopl xtopology nonstop_tsc cpuid aperfmperf pni pclmulqdq dtes64 monitor ds_cpl vmx smx est tm2 ssse3 sdbg fma cx16 xtpr pdcm pcid sse4_1 sse4_2 x2apic movbe popcnt tsc_deadline_timer aes xsave avx f16c rdrand lahf_lm abm 3dnowprefetch cpuid_fault epb invpcid_single pti ibrs ibpb stibp ibrs_enhanced tpr_shadow vnmi flexpriority ept vpid ept_ad fsgsbase tsc_adjust bmi1 hle avx2 smep bmi2 erms invpcid rtm rdseed adx smap intel_pt xsaveopt dtherm ida arat pln pts

Online cpus: 0-3
Offline cpus: 4-7
BIOS frequency limitation: <Not Available>
Frequency switch latency (ns): 0
Available cpu frequencies: <Not Available>
Current governor: powersave
Core performance/turbo boost: <Not Available>

Memory: 4k page, physical 8041820k(120464k free), swap 999420k(0k free)
Page Sizes: 4k

vm_info: OpenJDK 64-Bit Server VM (17.0.10+0-17.0.10b1087.21-11609105) for linux-amd64 JRE (17.0.10+0-17.0.10b1087.21-11609105), built on Mar 21 2024 17:39:27 by "androidbuild" with clang Android (11368308, +pgo, +bolt, +lto, +mlgo, based on r510928) Clang 18.0.0 (https://android.googlesource.com/toolchain/llvm-project 477610d4d0d988e69dbc3fae4fe86bff3f07f2b5)

END.
